#
# A fatal error has been detected by the Java Runtime Environment:
#
#  SIGBUS (0x7) at pc=0x00007f222eb4feed, pid=4215, tid=0x00007f21fb959700
#
# JRE version: OpenJDK Runtime Environment (8.0_111-b14) (build 1.8.0_111-8u111-b14-2ubuntu0.16.04.2-b14)
# Java VM: OpenJDK 64-Bit Server VM (25.111-b14 mixed mode linux-amd64 compressed oops)
# Problematic frame:
# C  [libzip.so+0x4eed]
#
# Failed to write core dump. Core dumps have been disabled. To enable core dumping, try "ulimit -c unlimited" before starting Java again
#
# If you would like to submit a bug report, please visit:
#   http://bugreport.java.com/bugreport/crash.jsp
# The crash happened outside the Java Virtual Machine in native code.
# See problematic frame for where to report the bug.
#

---------------  T H R E A D  ---------------

Current thread (0x00007f22287c7800):  JavaThread "AWT-EventQueue-0" [_thread_in_native, id=4240, stack(0x00007f21fb859000,0x00007f21fb95a000)]

siginfo: si_signo: 7 (SIGBUS), si_code: 2 (BUS_ADRERR), si_addr: 0x00007f222c0b7b6e

Registers:
RAX=0x00007f21b01d1980, RBX=0x00007f2228278fc0, RCX=0x00007f222c0b7b4e, RDX=0x00007f21b01d1980
RSP=0x00007f21fb954880, RBP=0x00007f21fb9548f0, RSI=0x00007f21b0000038, RDI=0x0000000000000003
R8 =0x000000000f891b07, R9 =0x00007f223136dfe0, R10=0x00007f21b01d1970, R11=0x0000000000000007
R12=0x00007f222827ddd8, R13=0x00007f21fb954986, R14=0x00007f21b01d76e0, R15=0x00007f21b01d1980
RIP=0x00007f222eb4feed, EFLAGS=0x0000000000010206, CSGSFS=0x0000000000000033, ERR=0x0000000000000004
  TRAPNO=0x000000000000000e

Top of Stack: (sp=0x00007f21fb954880)
0x00007f21fb954880:   0000000000000000 00007f21fb955730
0x00007f21fb954890:   00007f222cd51598 00007f22287c7800
0x00007f21fb9548a0:   00007f2219186f10 00007f2200000000
0x00007f21fb9548b0:   00000000287c7800 00007f2230cf0a40
0x00007f21fb9548c0:   0000000000000027 00007f222827ddd0
0x00007f21fb9548d0:   000000000f891b07 00007f21fb954986
0x00007f21fb9548e0:   00007f21b01d76e0 00007f2228278fc0
0x00007f21fb9548f0:   00007f21fb954940 00007f222eb50c84
0x00007f21fb954900:   00007f21fb954960 00000027015ca100
0x00007f21fb954910:   00007f21fb954940 0000000000000027
0x00007f21fb954920:   00007f22287c79e0 0000000084e22a30
0x00007f21fb954930:   00007f21fb954db8 00007f2228278fc0
0x00007f21fb954940:   00007f21fb954da0 00007f222eb4ebec
0x00007f21fb954950:   00007f21fb954960 00000001fb955964
0x00007f21fb954960:   6e65762f7372616d 617373654d2f7375
0x00007f21fb954970:   24656e6150736567 24312472656b7341
0x00007f21fb954980:   007373616c632e32 00007f21fb95594c
0x00007f21fb954990:   00007f21fb955940 00007f21fb955944
0x00007f21fb9549a0:   00007f21fb955938 00007f21fb95593c
0x00007f21fb9549b0:   00007f21fb955930 00007f21fb955934
0x00007f21fb9549c0:   00007f2100000000 7e61f36100000000
0x00007f21fb9549d0:   00007f2100000000 00007f21fb954a20
0x00007f21fb9549e0:   00007f2100000000 00007f2200000000
0x00007f21fb9549f0:   00007f21fb954a80 00007f2100000000
0x00007f21fb954a00:   00007f2100000000 00007f2100000034
0x00007f21fb954a10:   0000000000000000 00007f2200000034
0x00007f21fb954a20:   00007f21fb954a70 00007f22308be407
0x00007f21fb954a30:   00007f21fb954ad0 00007f221904768a
0x00007f21fb954a40:   00007f21fb9557d0 00007f21fb954ab0
0x00007f21fb954a50:   00007f21c40e3b00 0000000000000002
0x00007f21fb954a60:   00000000000cc5f9 00007f2219113c88
0x00007f21fb954a70:   00007f21fb954aa0 00007f223074838d 

Instructions: (pc=0x00007f222eb4feed)
0x00007f222eb4fecd:   40 30 00 00 00 00 48 c7 40 28 00 00 00 00 0f 84
0x00007f222eb4fedd:   bf 01 00 00 49 8b 0c 24 48 2b 4b 28 48 03 4b 18
0x00007f222eb4feed:   0f b7 41 20 44 0f b7 69 1c 49 89 ce 44 0f b7 61
0x00007f222eb4fefd:   1e 89 45 c0 41 8b 46 0c 48 c7 45 c8 00 00 00 00 

Register to memory mapping:

RAX=0x00007f21b01d1980 is an unknown value
RBX=0x00007f2228278fc0 is an unknown value
RCX=0x00007f222c0b7b4e is an unknown value
RDX=0x00007f21b01d1980 is an unknown value
RSP=0x00007f21fb954880 is pointing into the stack for thread: 0x00007f22287c7800
RBP=0x00007f21fb9548f0 is pointing into the stack for thread: 0x00007f22287c7800
RSI=0x00007f21b0000038 is an unknown value
RDI=0x0000000000000003 is an unknown value
R8 =0x000000000f891b07 is an unknown value
R9 =0x00007f223136dfe0: <offset 0xef0fe0> in /usr/lib/jvm/java-8-openjdk-amd64/jre/lib/amd64/server/libjvm.so at 0x00007f223047d000
R10=0x00007f21b01d1970 is an unknown value
R11=0x0000000000000007 is an unknown value
R12=0x00007f222827ddd8 is an unknown value
R13=0x00007f21fb954986 is pointing into the stack for thread: 0x00007f22287c7800
R14=0x00007f21b01d76e0 is an unknown value
R15=0x00007f21b01d1980 is an unknown value


Stack: [0x00007f21fb859000,0x00007f21fb95a000],  sp=0x00007f21fb954880,  free space=1006k
Native frames: (J=compiled Java code, j=interpreted, Vv=VM code, C=native code)
C  [libzip.so+0x4eed]
C  [libzip.so+0x5c84]
C  [libzip.so+0x3bec]  Java_java_util_zip_ZipFile_getEntry+0xfc
J 110  java.util.zip.ZipFile.getEntry(J[BZ)J (0 bytes) @ 0x00007f22191442ce [0x00007f2219144200+0xce]
J 1462 C2 sun.misc.URLClassPath$JarLoader.getResource(Ljava/lang/String;Z)Lsun/misc/Resource; (85 bytes) @ 0x00007f22192248a8 [0x00007f22192244e0+0x3c8]
J 340 C1 sun.misc.URLClassPath.getResource(Ljava/lang/String;Z)Lsun/misc/Resource; (83 bytes) @ 0x00007f22191fb36c [0x00007f22191fb200+0x16c]
J 346 C1 java.net.URLClassLoader$1.run()Ljava/lang/Class; (63 bytes) @ 0x00007f22191fd12c [0x00007f22191fcf20+0x20c]
J 345 C1 java.net.URLClassLoader$1.run()Ljava/lang/Object; (5 bytes) @ 0x00007f22191fcb8c [0x00007f22191fcb00+0x8c]
v  ~StubRoutines::call_stub
V  [libjvm.so+0x66088b]
V  [libjvm.so+0x6b16b9]  JVM_DoPrivileged+0x429
J 344  java.security.AccessController.doPrivileged(Ljava/security/PrivilegedExceptionAction;Ljava/security/AccessControlContext;)Ljava/lang/Object; (0 bytes) @ 0x00007f22191f9a55 [0x00007f22191f9980+0xd5]
J 342 C1 java.net.URLClassLoader.findClass(Ljava/lang/String;)Ljava/lang/Class; (47 bytes) @ 0x00007f22191f90c4 [0x00007f22191f8f40+0x184]
J 208 C1 java.lang.ClassLoader.loadClass(Ljava/lang/String;Z)Ljava/lang/Class; (122 bytes) @ 0x00007f2219187bdc [0x00007f2219187280+0x95c]
J 354 C1 sun.misc.Launcher$AppClassLoader.loadClass(Ljava/lang/String;Z)Ljava/lang/Class; (85 bytes) @ 0x00007f221920294c [0x00007f2219201fc0+0x98c]
J 353 C1 java.lang.ClassLoader.loadClass(Ljava/lang/String;)Ljava/lang/Class; (7 bytes) @ 0x00007f2219201c04 [0x00007f2219201b00+0x104]
v  ~StubRoutines::call_stub
V  [libjvm.so+0x66088b]
V  [libjvm.so+0x65de74]
V  [libjvm.so+0x65e4d3]
V  [libjvm.so+0x9db11d]
V  [libjvm.so+0x9d9ab6]
V  [libjvm.so+0x9dbbba]
V  [libjvm.so+0x4b3745]
V  [libjvm.so+0x64d96f]
j  mars.venus.MessagesPane$Asker$1.removeUpdate(Ljavax/swing/event/DocumentEvent;)V+0
j  javax.swing.text.AbstractDocument.fireRemoveUpdate(Ljavax/swing/event/DocumentEvent;)V+39
j  javax.swing.text.AbstractDocument.handleRemove(II)V+96
j  javax.swing.text.AbstractDocument.remove(II)V+29
j  javax.swing.text.DefaultEditorKit$DeletePrevCharAction.actionPerformed(Ljava/awt/event/ActionEvent;)V+167
j  javax.swing.SwingUtilities.notifyAction(Ljavax/swing/Action;Ljavax/swing/KeyStroke;Ljava/awt/event/KeyEvent;Ljava/lang/Object;I)Z+132
J 5271 C2 javax.swing.JComponent.processKeyBinding(Ljavax/swing/KeyStroke;Ljava/awt/event/KeyEvent;IZ)Z (78 bytes) @ 0x00007f2219f0a63c [0x00007f2219f0a1e0+0x45c]
j  javax.swing.JComponent.processKeyBindings(Ljava/awt/event/KeyEvent;Z)Z+111
j  javax.swing.JComponent.processKeyEvent(Ljava/awt/event/KeyEvent;)V+51
J 3778 C2 java.awt.Container.processEvent(Ljava/awt/AWTEvent;)V (22 bytes) @ 0x00007f2219af6558 [0x00007f2219af6400+0x158]
J 5235 C2 java.awt.Component.dispatchEventImpl(Ljava/awt/AWTEvent;)V (883 bytes) @ 0x00007f2219ed65d8 [0x00007f2219ed5ca0+0x938]
J 4566 C2 java.awt.Container.dispatchEventImpl(Ljava/awt/AWTEvent;)V (129 bytes) @ 0x00007f2219bfd3ec [0x00007f2219bfcb60+0x88c]
J 4174 C1 java.awt.KeyboardFocusManager.redispatchEvent(Ljava/awt/Component;Ljava/awt/AWTEvent;)V (16 bytes) @ 0x00007f22193f99d4 [0x00007f22193f9800+0x1d4]
j  java.awt.DefaultKeyboardFocusManager.dispatchKeyEvent(Ljava/awt/event/KeyEvent;)Z+63
j  java.awt.DefaultKeyboardFocusManager.preDispatchKeyEvent(Ljava/awt/event/KeyEvent;)Z+137
J 4545 C1 java.awt.DefaultKeyboardFocusManager.typeAheadAssertions(Ljava/awt/Component;Ljava/awt/AWTEvent;)Z (352 bytes) @ 0x00007f2219adbdb4 [0x00007f2219ad9de0+0x1fd4]
J 4532 C2 java.awt.DefaultKeyboardFocusManager.dispatchEvent(Ljava/awt/AWTEvent;)Z (1589 bytes) @ 0x00007f2219ce1824 [0x00007f2219ce13a0+0x484]
J 5235 C2 java.awt.Component.dispatchEventImpl(Ljava/awt/AWTEvent;)V (883 bytes) @ 0x00007f2219ed5eec [0x00007f2219ed5ca0+0x24c]
J 4566 C2 java.awt.Container.dispatchEventImpl(Ljava/awt/AWTEvent;)V (129 bytes) @ 0x00007f2219bfd3ec [0x00007f2219bfcb60+0x88c]
J 3988 C2 java.awt.Window.dispatchEventImpl(Ljava/awt/AWTEvent;)V (23 bytes) @ 0x00007f221932b070 [0x00007f221932b020+0x50]
J 3751 C2 java.awt.EventQueue$3.run()Ljava/lang/Object; (5 bytes) @ 0x00007f2219af8df4 [0x00007f2219af8a00+0x3f4]
v  ~StubRoutines::call_stub
V  [libjvm.so+0x66088b]
V  [libjvm.so+0x6b16b9]  JVM_DoPrivileged+0x429
J 1516  java.security.AccessController.doPrivileged(Ljava/security/PrivilegedAction;Ljava/security/AccessControlContext;)Ljava/lang/Object; (0 bytes) @ 0x00007f2219312a95 [0x00007f22193129c0+0xd5]
J 3923 C2 java.awt.EventQueue$4.run()Ljava/lang/Object; (5 bytes) @ 0x00007f2219b7d30c [0x00007f2219b7d180+0x18c]
v  ~StubRoutines::call_stub
V  [libjvm.so+0x66088b]
V  [libjvm.so+0x6b16b9]  JVM_DoPrivileged+0x429
J 1516  java.security.AccessController.doPrivileged(Ljava/security/PrivilegedAction;Ljava/security/AccessControlContext;)Ljava/lang/Object; (0 bytes) @ 0x00007f2219312a95 [0x00007f22193129c0+0xd5]
J 3748 C2 java.awt.EventDispatchThread.pumpOneEventForFilters(I)V (295 bytes) @ 0x00007f2219af3110 [0x00007f2219af2bc0+0x550]
j  java.awt.EventDispatchThread.pumpEventsForFilter(ILjava/awt/Conditional;Ljava/awt/EventFilter;)V+35
j  java.awt.EventDispatchThread.pumpEventsForHierarchy(ILjava/awt/Conditional;Ljava/awt/Component;)V+11
j  java.awt.EventDispatchThread.pumpEvents(ILjava/awt/Conditional;)V+4
j  java.awt.EventDispatchThread.pumpEvents(Ljava/awt/Conditional;)V+3
j  java.awt.EventDispatchThread.run()V+9
v  ~StubRoutines::call_stub
V  [libjvm.so+0x66088b]
V  [libjvm.so+0x65de74]
V  [libjvm.so+0x65e457]
V  [libjvm.so+0x6a1754]
V  [libjvm.so+0xa09817]
V  [libjvm.so+0xa09cdc]
V  [libjvm.so+0x8b1082]
C  [libpthread.so.0+0x76ba]  start_thread+0xca

Java frames: (J=compiled Java code, j=interpreted, Vv=VM code)
J 110  java.util.zip.ZipFile.getEntry(J[BZ)J (0 bytes) @ 0x00007f2219144258 [0x00007f2219144200+0x58]
J 1462 C2 sun.misc.URLClassPath$JarLoader.getResource(Ljava/lang/String;Z)Lsun/misc/Resource; (85 bytes) @ 0x00007f22192248a8 [0x00007f22192244e0+0x3c8]
J 340 C1 sun.misc.URLClassPath.getResource(Ljava/lang/String;Z)Lsun/misc/Resource; (83 bytes) @ 0x00007f22191fb36c [0x00007f22191fb200+0x16c]
J 346 C1 java.net.URLClassLoader$1.run()Ljava/lang/Class; (63 bytes) @ 0x00007f22191fd12c [0x00007f22191fcf20+0x20c]
J 345 C1 java.net.URLClassLoader$1.run()Ljava/lang/Object; (5 bytes) @ 0x00007f22191fcb8c [0x00007f22191fcb00+0x8c]
v  ~StubRoutines::call_stub
J 344  java.security.AccessController.doPrivileged(Ljava/security/PrivilegedExceptionAction;Ljava/security/AccessControlContext;)Ljava/lang/Object; (0 bytes) @ 0x00007f22191f99e3 [0x00007f22191f9980+0x63]
J 342 C1 java.net.URLClassLoader.findClass(Ljava/lang/String;)Ljava/lang/Class; (47 bytes) @ 0x00007f22191f90c4 [0x00007f22191f8f40+0x184]
J 208 C1 java.lang.ClassLoader.loadClass(Ljava/lang/String;Z)Ljava/lang/Class; (122 bytes) @ 0x00007f2219187bdc [0x00007f2219187280+0x95c]
J 354 C1 sun.misc.Launcher$AppClassLoader.loadClass(Ljava/lang/String;Z)Ljava/lang/Class; (85 bytes) @ 0x00007f221920294c [0x00007f2219201fc0+0x98c]
J 353 C1 java.lang.ClassLoader.loadClass(Ljava/lang/String;)Ljava/lang/Class; (7 bytes) @ 0x00007f2219201c04 [0x00007f2219201b00+0x104]
v  ~StubRoutines::call_stub
j  mars.venus.MessagesPane$Asker$1.removeUpdate(Ljavax/swing/event/DocumentEvent;)V+0
j  javax.swing.text.AbstractDocument.fireRemoveUpdate(Ljavax/swing/event/DocumentEvent;)V+39
j  javax.swing.text.AbstractDocument.handleRemove(II)V+96
j  javax.swing.text.AbstractDocument.remove(II)V+29
j  javax.swing.text.DefaultEditorKit$DeletePrevCharAction.actionPerformed(Ljava/awt/event/ActionEvent;)V+167
j  javax.swing.SwingUtilities.notifyAction(Ljavax/swing/Action;Ljavax/swing/KeyStroke;Ljava/awt/event/KeyEvent;Ljava/lang/Object;I)Z+132
J 5271 C2 javax.swing.JComponent.processKeyBinding(Ljavax/swing/KeyStroke;Ljava/awt/event/KeyEvent;IZ)Z (78 bytes) @ 0x00007f2219f0a63c [0x00007f2219f0a1e0+0x45c]
j  javax.swing.JComponent.processKeyBindings(Ljava/awt/event/KeyEvent;Z)Z+111
j  javax.swing.JComponent.processKeyEvent(Ljava/awt/event/KeyEvent;)V+51
J 3778 C2 java.awt.Container.processEvent(Ljava/awt/AWTEvent;)V (22 bytes) @ 0x00007f2219af6558 [0x00007f2219af6400+0x158]
J 5235 C2 java.awt.Component.dispatchEventImpl(Ljava/awt/AWTEvent;)V (883 bytes) @ 0x00007f2219ed65d8 [0x00007f2219ed5ca0+0x938]
J 4566 C2 java.awt.Container.dispatchEventImpl(Ljava/awt/AWTEvent;)V (129 bytes) @ 0x00007f2219bfd3ec [0x00007f2219bfcb60+0x88c]
J 4174 C1 java.awt.KeyboardFocusManager.redispatchEvent(Ljava/awt/Component;Ljava/awt/AWTEvent;)V (16 bytes) @ 0x00007f22193f99d4 [0x00007f22193f9800+0x1d4]
j  java.awt.DefaultKeyboardFocusManager.dispatchKeyEvent(Ljava/awt/event/KeyEvent;)Z+63
j  java.awt.DefaultKeyboardFocusManager.preDispatchKeyEvent(Ljava/awt/event/KeyEvent;)Z+137
J 4545 C1 java.awt.DefaultKeyboardFocusManager.typeAheadAssertions(Ljava/awt/Component;Ljava/awt/AWTEvent;)Z (352 bytes) @ 0x00007f2219adbdb4 [0x00007f2219ad9de0+0x1fd4]
J 4532 C2 java.awt.DefaultKeyboardFocusManager.dispatchEvent(Ljava/awt/AWTEvent;)Z (1589 bytes) @ 0x00007f2219ce1824 [0x00007f2219ce13a0+0x484]
J 5235 C2 java.awt.Component.dispatchEventImpl(Ljava/awt/AWTEvent;)V (883 bytes) @ 0x00007f2219ed5eec [0x00007f2219ed5ca0+0x24c]
J 4566 C2 java.awt.Container.dispatchEventImpl(Ljava/awt/AWTEvent;)V (129 bytes) @ 0x00007f2219bfd3ec [0x00007f2219bfcb60+0x88c]
J 3988 C2 java.awt.Window.dispatchEventImpl(Ljava/awt/AWTEvent;)V (23 bytes) @ 0x00007f221932b070 [0x00007f221932b020+0x50]
J 3751 C2 java.awt.EventQueue$3.run()Ljava/lang/Object; (5 bytes) @ 0x00007f2219af8df4 [0x00007f2219af8a00+0x3f4]
v  ~StubRoutines::call_stub
J 1516  java.security.AccessController.doPrivileged(Ljava/security/PrivilegedAction;Ljava/security/AccessControlContext;)Ljava/lang/Object; (0 bytes) @ 0x00007f2219312a23 [0x00007f22193129c0+0x63]
J 3923 C2 java.awt.EventQueue$4.run()Ljava/lang/Object; (5 bytes) @ 0x00007f2219b7d30c [0x00007f2219b7d180+0x18c]
v  ~StubRoutines::call_stub
J 1516  java.security.AccessController.doPrivileged(Ljava/security/PrivilegedAction;Ljava/security/AccessControlContext;)Ljava/lang/Object; (0 bytes) @ 0x00007f2219312a23 [0x00007f22193129c0+0x63]
J 3748 C2 java.awt.EventDispatchThread.pumpOneEventForFilters(I)V (295 bytes) @ 0x00007f2219af3110 [0x00007f2219af2bc0+0x550]
j  java.awt.EventDispatchThread.pumpEventsForFilter(ILjava/awt/Conditional;Ljava/awt/EventFilter;)V+35
j  java.awt.EventDispatchThread.pumpEventsForHierarchy(ILjava/awt/Conditional;Ljava/awt/Component;)V+11
j  java.awt.EventDispatchThread.pumpEvents(ILjava/awt/Conditional;)V+4
j  java.awt.EventDispatchThread.pumpEvents(Ljava/awt/Conditional;)V+3
j  java.awt.EventDispatchThread.run()V+9
v  ~StubRoutines::call_stub

---------------  P R O C E S S  ---------------

Java Threads: ( => current thread )
  0x00007f21b00f6800 JavaThread "MIPS" [_thread_blocked, id=5555, stack(0x00007f21fb304000,0x00007f21fb405000)]
  0x00007f21b0057000 JavaThread "TimerQueue" daemon [_thread_blocked, id=4246, stack(0x00007f21fb203000,0x00007f21fb304000)]
  0x00007f2228009800 JavaThread "DestroyJavaVM" [_thread_blocked, id=4216, stack(0x00007f22320c6000,0x00007f22321c7000)]
=>0x00007f22287c7800 JavaThread "AWT-EventQueue-0" [_thread_in_native, id=4240, stack(0x00007f21fb859000,0x00007f21fb95a000)]
  0x00007f22287c6800 JavaThread "AWT-Shutdown" [_thread_blocked, id=4239, stack(0x00007f2200b23000,0x00007f2200c24000)]
  0x00007f22286c8000 JavaThread "AWT-XAWT" daemon [_thread_in_native, id=4237, stack(0x00007f2200e24000,0x00007f2200f25000)]
  0x00007f22286a6800 JavaThread "Java2D Disposer" daemon [_thread_blocked, id=4236, stack(0x00007f2201335000,0x00007f2201436000)]
  0x00007f22283c6800 JavaThread "Timer-0" daemon [_thread_blocked, id=4235, stack(0x00007f220321c000,0x00007f220331d000)]
  0x00007f222821a800 JavaThread "Service Thread" daemon [_thread_blocked, id=4233, stack(0x00007f220341e000,0x00007f220351f000)]
  0x00007f2228205800 JavaThread "C1 CompilerThread3" daemon [_thread_blocked, id=4232, stack(0x00007f220351f000,0x00007f2203620000)]
  0x00007f2228201000 JavaThread "C2 CompilerThread2" daemon [_thread_blocked, id=4231, stack(0x00007f2203620000,0x00007f2203721000)]
  0x00007f22281ff000 JavaThread "C2 CompilerThread1" daemon [_thread_blocked, id=4230, stack(0x00007f2203721000,0x00007f2203822000)]
  0x00007f22281fc800 JavaThread "C2 CompilerThread0" daemon [_thread_blocked, id=4229, stack(0x00007f2203822000,0x00007f2203923000)]
  0x00007f22281fa000 JavaThread "Signal Dispatcher" daemon [_thread_blocked, id=4228, stack(0x00007f2203923000,0x00007f2203a24000)]
  0x00007f22281d2800 JavaThread "Finalizer" daemon [_thread_blocked, id=4227, stack(0x00007f2203cfd000,0x00007f2203dfe000)]
  0x00007f22281ce000 JavaThread "Reference Handler" daemon [_thread_blocked, id=4226, stack(0x00007f2203dfe000,0x00007f2203eff000)]

Other Threads:
  0x00007f22281c6800 VMThread [stack: 0x00007f2203eff000,0x00007f2204000000] [id=4225]
  0x00007f2228225000 WatcherThread [stack: 0x00007f220331d000,0x00007f220341e000] [id=4234]

VM state:not at safepoint (normal execution)

VM Mutex/Monitor currently owned by a thread: None

Heap:
 PSYoungGen      total 36864K, used 3680K [0x00000000d6f80000, 0x00000000d9880000, 0x0000000100000000)
  eden space 31744K, 11% used [0x00000000d6f80000,0x00000000d7318390,0x00000000d8e80000)
  from space 5120K, 0% used [0x00000000d9380000,0x00000000d9380000,0x00000000d9880000)
  to   space 5120K, 0% used [0x00000000d8e80000,0x00000000d8e80000,0x00000000d9380000)
 ParOldGen       total 39936K, used 7667K [0x0000000084e00000, 0x0000000087500000, 0x00000000d6f80000)
  object space 39936K, 19% used [0x0000000084e00000,0x000000008557cd60,0x0000000087500000)
 Metaspace       used 23863K, capacity 24098K, committed 24576K, reserved 1071104K
  class space    used 3133K, capacity 3203K, committed 3328K, reserved 1048576K

Card table byte_map: [0x00007f222e3b1000,0x00007f222e78b000] byte_map_base: 0x00007f222df8a000

Marking Bits: (ParMarkBitMap*) 0x00007f223139a220
 Begin Bits: [0x00007f2210270000, 0x00007f2212138000)
 End Bits:   [0x00007f2212138000, 0x00007f2214000000)

Polling page: 0x00007f22321ec000

CodeCache: size=245760Kb used=15290Kb max_used=15293Kb free=230469Kb
 bounds [0x00007f2219000000, 0x00007f2219f10000, 0x00007f2228000000]
 total_blobs=4970 nmethods=4351 adapters=529
 compilation: enabled

Compilation events (10 events):
Event: 3219,446 Thread 0x00007f22281ff000 5271       4       javax.swing.JComponent::processKeyBinding (78 bytes)
Event: 3219,447 Thread 0x00007f2228205800 5272       3       javax.swing.JComponent::scrollRectToVisible (128 bytes)
Event: 3219,448 Thread 0x00007f2228205800 nmethod 5272 0x00007f2219f01550 code [0x00007f2219f01760, 0x00007f2219f02718]
Event: 3219,448 Thread 0x00007f2228205800 5273       3       javax.swing.JViewport::scrollRectToVisible (347 bytes)
Event: 3219,449 Thread 0x00007f2228205800 nmethod 5273 0x00007f2219f02c10 code [0x00007f2219f02f60, 0x00007f2219f051a8]
Event: 3219,459 Thread 0x00007f22281ff000 nmethod 5271 0x00007f2219f09fd0 code [0x00007f2219f0a1e0, 0x00007f2219f0b478]
Event: 3219,542 Thread 0x00007f2228205800 5274   !   3       sun.awt.X11.XKeysym::xkeycode2keysym_xkb (91 bytes)
Event: 3219,543 Thread 0x00007f2228205800 nmethod 5274 0x00007f2219f07810 code [0x00007f2219f07b00, 0x00007f2219f09118]
Event: 3219,543 Thread 0x00007f2228205800 5275   !   3       sun.awt.X11.XToolkit::getXKBKbdDesc (18 bytes)
Event: 3219,543 Thread 0x00007f2228205800 nmethod 5275 0x00007f2219ef8790 code [0x00007f2219ef8940, 0x00007f2219ef8e98]

GC Heap History (10 events):
Event: 2348,393 GC heap before
{Heap before GC invocations=52 (full 26):
 PSYoungGen      total 36864K, used 256K [0x00000000d6f80000, 0x00000000d9880000, 0x0000000100000000)
  eden space 31744K, 0% used [0x00000000d6f80000,0x00000000d6f80000,0x00000000d8e80000)
  from space 5120K, 5% used [0x00000000d9380000,0x00000000d93c0000,0x00000000d9880000)
  to   space 5120K, 0% used [0x00000000d8e80000,0x00000000d8e80000,0x00000000d9380000)
 ParOldGen       total 39936K, used 7332K [0x0000000084e00000, 0x0000000087500000, 0x00000000d6f80000)
  object space 39936K, 18% used [0x0000000084e00000,0x0000000085529030,0x0000000087500000)
 Metaspace       used 23784K, capacity 24034K, committed 24576K, reserved 1071104K
  class space    used 3133K, capacity 3203K, committed 3328K, reserved 1048576K
Event: 2348,416 GC heap after
Heap after GC invocations=52 (full 26):
 PSYoungGen      total 36864K, used 0K [0x00000000d6f80000, 0x00000000d9880000, 0x0000000100000000)
  eden space 31744K, 0% used [0x00000000d6f80000,0x00000000d6f80000,0x00000000d8e80000)
  from space 5120K, 0% used [0x00000000d9380000,0x00000000d9380000,0x00000000d9880000)
  to   space 5120K, 0% used [0x00000000d8e80000,0x00000000d8e80000,0x00000000d9380000)
 ParOldGen       total 39936K, used 7333K [0x0000000084e00000, 0x0000000087500000, 0x00000000d6f80000)
  object space 39936K, 18% used [0x0000000084e00000,0x0000000085529718,0x0000000087500000)
 Metaspace       used 23784K, capacity 24034K, committed 24576K, reserved 1071104K
  class space    used 3133K, capacity 3203K, committed 3328K, reserved 1048576K
}
Event: 2610,840 GC heap before
{Heap before GC invocations=53 (full 26):
 PSYoungGen      total 36864K, used 9005K [0x00000000d6f80000, 0x00000000d9880000, 0x0000000100000000)
  eden space 31744K, 28% used [0x00000000d6f80000,0x00000000d784b4f0,0x00000000d8e80000)
  from space 5120K, 0% used [0x00000000d9380000,0x00000000d9380000,0x00000000d9880000)
  to   space 5120K, 0% used [0x00000000d8e80000,0x00000000d8e80000,0x00000000d9380000)
 ParOldGen       total 39936K, used 7333K [0x0000000084e00000, 0x0000000087500000, 0x00000000d6f80000)
  object space 39936K, 18% used [0x0000000084e00000,0x0000000085529718,0x0000000087500000)
 Metaspace       used 23818K, capacity 24034K, committed 24576K, reserved 1071104K
  class space    used 3133K, capacity 3203K, committed 3328K, reserved 1048576K
Event: 2610,842 GC heap after
Heap after GC invocations=53 (full 26):
 PSYoungGen      total 36864K, used 480K [0x00000000d6f80000, 0x00000000d9880000, 0x0000000100000000)
  eden space 31744K, 0% used [0x00000000d6f80000,0x00000000d6f80000,0x00000000d8e80000)
  from space 5120K, 9% used [0x00000000d8e80000,0x00000000d8ef8000,0x00000000d9380000)
  to   space 5120K, 0% used [0x00000000d9380000,0x00000000d9380000,0x00000000d9880000)
 ParOldGen       total 39936K, used 7341K [0x0000000084e00000, 0x0000000087500000, 0x00000000d6f80000)
  object space 39936K, 18% used [0x0000000084e00000,0x000000008552b718,0x0000000087500000)
 Metaspace       used 23818K, capacity 24034K, committed 24576K, reserved 1071104K
  class space    used 3133K, capacity 3203K, committed 3328K, reserved 1048576K
}
Event: 2610,842 GC heap before
{Heap before GC invocations=54 (full 27):
 PSYoungGen      total 36864K, used 480K [0x00000000d6f80000, 0x00000000d9880000, 0x0000000100000000)
  eden space 31744K, 0% used [0x00000000d6f80000,0x00000000d6f80000,0x00000000d8e80000)
  from space 5120K, 9% used [0x00000000d8e80000,0x00000000d8ef8000,0x00000000d9380000)
  to   space 5120K, 0% used [0x00000000d9380000,0x00000000d9380000,0x00000000d9880000)
 ParOldGen       total 39936K, used 7341K [0x0000000084e00000, 0x0000000087500000, 0x00000000d6f80000)
  object space 39936K, 18% used [0x0000000084e00000,0x000000008552b718,0x0000000087500000)
 Metaspace       used 23818K, capacity 24034K, committed 24576K, reserved 1071104K
  class space    used 3133K, capacity 3203K, committed 3328K, reserved 1048576K
Event: 2610,865 GC heap after
Heap after GC invocations=54 (full 27):
 PSYoungGen      total 36864K, used 0K [0x00000000d6f80000, 0x00000000d9880000, 0x0000000100000000)
  eden space 31744K, 0% used [0x00000000d6f80000,0x00000000d6f80000,0x00000000d8e80000)
  from space 5120K, 0% used [0x00000000d8e80000,0x00000000d8e80000,0x00000000d9380000)
  to   space 5120K, 0% used [0x00000000d9380000,0x00000000d9380000,0x00000000d9880000)
 ParOldGen       total 39936K, used 7565K [0x0000000084e00000, 0x0000000087500000, 0x00000000d6f80000)
  object space 39936K, 18% used [0x0000000084e00000,0x00000000855634d0,0x0000000087500000)
 Metaspace       used 23818K, capacity 24034K, committed 24576K, reserved 1071104K
  class space    used 3133K, capacity 3203K, committed 3328K, reserved 1048576K
}
Event: 3216,194 GC heap before
{Heap before GC invocations=55 (full 27):
 PSYoungGen      total 36864K, used 6327K [0x00000000d6f80000, 0x00000000d9880000, 0x0000000100000000)
  eden space 31744K, 19% used [0x00000000d6f80000,0x00000000d75add70,0x00000000d8e80000)
  from space 5120K, 0% used [0x00000000d8e80000,0x00000000d8e80000,0x00000000d9380000)
  to   space 5120K, 0% used [0x00000000d9380000,0x00000000d9380000,0x00000000d9880000)
 ParOldGen       total 39936K, used 7565K [0x0000000084e00000, 0x0000000087500000, 0x00000000d6f80000)
  object space 39936K, 18% used [0x0000000084e00000,0x00000000855634d0,0x0000000087500000)
 Metaspace       used 23852K, capacity 24098K, committed 24576K, reserved 1071104K
  class space    used 3133K, capacity 3203K, committed 3328K, reserved 1048576K
Event: 3216,195 GC heap after
Heap after GC invocations=55 (full 27):
 PSYoungGen      total 36864K, used 320K [0x00000000d6f80000, 0x00000000d9880000, 0x0000000100000000)
  eden space 31744K, 0% used [0x00000000d6f80000,0x00000000d6f80000,0x00000000d8e80000)
  from space 5120K, 6% used [0x00000000d9380000,0x00000000d93d0000,0x00000000d9880000)
  to   space 5120K, 0% used [0x00000000d8e80000,0x00000000d8e80000,0x00000000d9380000)
 ParOldGen       total 39936K, used 7573K [0x0000000084e00000, 0x0000000087500000, 0x00000000d6f80000)
  object space 39936K, 18% used [0x0000000084e00000,0x00000000855654d0,0x0000000087500000)
 Metaspace       used 23852K, capacity 24098K, committed 24576K, reserved 1071104K
  class space    used 3133K, capacity 3203K, committed 3328K, reserved 1048576K
}
Event: 3216,195 GC heap before
{Heap before GC invocations=56 (full 28):
 PSYoungGen      total 36864K, used 320K [0x00000000d6f80000, 0x00000000d9880000, 0x0000000100000000)
  eden space 31744K, 0% used [0x00000000d6f80000,0x00000000d6f80000,0x00000000d8e80000)
  from space 5120K, 6% used [0x00000000d9380000,0x00000000d93d0000,0x00000000d9880000)
  to   space 5120K, 0% used [0x00000000d8e80000,0x00000000d8e80000,0x00000000d9380000)
 ParOldGen       total 39936K, used 7573K [0x0000000084e00000, 0x0000000087500000, 0x00000000d6f80000)
  object space 39936K, 18% used [0x0000000084e00000,0x00000000855654d0,0x0000000087500000)
 Metaspace       used 23852K, capacity 24098K, committed 24576K, reserved 1071104K
  class space    used 3133K, capacity 3203K, committed 3328K, reserved 1048576K
Event: 3216,239 GC heap after
Heap after GC invocations=56 (full 28):
 PSYoungGen      total 36864K, used 0K [0x00000000d6f80000, 0x00000000d9880000, 0x0000000100000000)
  eden space 31744K, 0% used [0x00000000d6f80000,0x00000000d6f80000,0x00000000d8e80000)
  from space 5120K, 0% used [0x00000000d9380000,0x00000000d9380000,0x00000000d9880000)
  to   space 5120K, 0% used [0x00000000d8e80000,0x00000000d8e80000,0x00000000d9380000)
 ParOldGen       total 39936K, used 7667K [0x0000000084e00000, 0x0000000087500000, 0x00000000d6f80000)
  object space 39936K, 19% used [0x0000000084e00000,0x000000008557cd60,0x0000000087500000)
 Metaspace       used 23852K, capacity 24098K, committed 24576K, reserved 1071104K
  class space    used 3133K, capacity 3203K, committed 3328K, reserved 1048576K
}

Deoptimization events (10 events):
Event: 2225,493 Thread 0x00007f22287c7800 Uncommon trap: reason=unstable_if action=reinterpret pc=0x00007f2219d12ca8 method=javax.swing.BufferStrategyPaintManager.fetchRoot(Ljavax/swing/JComponent;)Ljava/awt/Container; @ 100
Event: 2225,494 Thread 0x00007f22287c7800 Uncommon trap: reason=unstable_if action=reinterpret pc=0x00007f2219ddc3ac method=java.awt.Component.dispatchEventImpl(Ljava/awt/AWTEvent;)V @ 576
Event: 2225,495 Thread 0x00007f22287c7800 Uncommon trap: reason=class_check action=maybe_recompile pc=0x00007f2219934d80 method=java.awt.Container.getMouseEventTargetImpl(IIZLjava/awt/Container$EventTargetFilter;ZZ)Ljava/awt/Component; @ 64
Event: 2225,502 Thread 0x00007f22286c8000 Uncommon trap: reason=bimorphic action=maybe_recompile pc=0x00007f22199250a4 method=sun.awt.X11.XBaseWindow.dispatchEvent(Lsun/awt/X11/XEvent;)V @ 254
Event: 2225,502 Thread 0x00007f22286c8000 Uncommon trap: reason=bimorphic action=maybe_recompile pc=0x00007f2219924eb0 method=sun.awt.X11.XBaseWindow.dispatchEvent(Lsun/awt/X11/XEvent;)V @ 198
Event: 2225,503 Thread 0x00007f22287c7800 Uncommon trap: reason=bimorphic action=maybe_recompile pc=0x00007f2219bb13e4 method=sun.java2d.xr.XRSurfaceData$XRWindowSurfaceData.getBounds()Ljava/awt/Rectangle; @ 4
Event: 2225,505 Thread 0x00007f22287c7800 Uncommon trap: reason=class_check action=maybe_recompile pc=0x00007f2219934d80 method=java.awt.Container.getMouseEventTargetImpl(IIZLjava/awt/Container$EventTargetFilter;ZZ)Ljava/awt/Component; @ 64
Event: 2616,540 Thread 0x00007f22286c8000 Uncommon trap: reason=unstable_if action=reinterpret pc=0x00007f2219abfec8 method=sun.awt.X11.XWindow.handleMotionNotify(Lsun/awt/X11/XEvent;)V @ 153
Event: 3219,469 Thread 0x00007f22287c7800 Uncommon trap: reason=unstable_if action=reinterpret pc=0x00007f2219c5de78 method=sun.java2d.loops.ProcessPath$DrawProcessHandler.PROCESS_LINE(IIIIZ[I)V @ 36
Event: 3219,470 Thread 0x00007f22287c7800 Uncommon trap: reason=bimorphic action=maybe_recompile pc=0x00007f2219bb13e4 method=sun.java2d.xr.XRSurfaceData$XRWindowSurfaceData.getBounds()Ljava/awt/Rectangle; @ 4

Internal exceptions (10 events):
Event: 1522,781 Thread 0x00007f22287c7800 Exception <a 'java/lang/UnsupportedOperationException': > (0x00000000d72a1da8) thrown at [/build/openjdk-8-8jAw7G/openjdk-8-8u111-b14/src/hotspot/src/share/vm/prims/jni.cpp, line 735]
Event: 2019,184 Thread 0x00007f22287c7800 Exception <a 'java/lang/UnsupportedOperationException': > (0x00000000d72c9b30) thrown at [/build/openjdk-8-8jAw7G/openjdk-8-8u111-b14/src/hotspot/src/share/vm/prims/jni.cpp, line 735]
Event: 2055,253 Thread 0x00007f22287c7800 Exception <a 'java/lang/UnsupportedOperationException': > (0x00000000d75ed2e0) thrown at [/build/openjdk-8-8jAw7G/openjdk-8-8u111-b14/src/hotspot/src/share/vm/prims/jni.cpp, line 735]
Event: 2064,770 Thread 0x00007f22287c7800 Implicit null exception at 0x00007f22194fa06d to 0x00007f22194fb375
Event: 2064,770 Thread 0x00007f22287c7800 Implicit null exception at 0x00007f22193281e0 to 0x00007f2219328659
Event: 2097,370 Thread 0x00007f22287c7800 Exception <a 'java/lang/UnsupportedOperationException': > (0x00000000d7582790) thrown at [/build/openjdk-8-8jAw7G/openjdk-8-8u111-b14/src/hotspot/src/share/vm/prims/jni.cpp, line 735]
Event: 2202,398 Thread 0x00007f22287c7800 Exception <a 'java/lang/UnsupportedOperationException': > (0x00000000d75346b8) thrown at [/build/openjdk-8-8jAw7G/openjdk-8-8u111-b14/src/hotspot/src/share/vm/prims/jni.cpp, line 735]
Event: 2325,925 Thread 0x00007f22287c7800 Exception <a 'java/lang/UnsupportedOperationException': > (0x00000000d747fa48) thrown at [/build/openjdk-8-8jAw7G/openjdk-8-8u111-b14/src/hotspot/src/share/vm/prims/jni.cpp, line 735]
Event: 2608,416 Thread 0x00007f22287c7800 Exception <a 'java/lang/UnsupportedOperationException': > (0x00000000d75af198) thrown at [/build/openjdk-8-8jAw7G/openjdk-8-8u111-b14/src/hotspot/src/share/vm/prims/jni.cpp, line 735]
Event: 3212,411 Thread 0x00007f22287c7800 Exception <a 'java/lang/UnsupportedOperationException': > (0x00000000d72610e8) thrown at [/build/openjdk-8-8jAw7G/openjdk-8-8u111-b14/src/hotspot/src/share/vm/prims/jni.cpp, line 735]

Events (10 events):
Event: 3219,469 Executing VM operation: RevokeBias
Event: 3219,469 Executing VM operation: RevokeBias done
Event: 3219,469 Thread 0x00007f22287c7800 Uncommon trap: trap_request=0xffffff65 fr.pc=0x00007f2219c5de78
Event: 3219,469 Thread 0x00007f22287c7800 DEOPT PACKING pc=0x00007f2219c5de78 sp=0x00007f21fb954e50
Event: 3219,469 Thread 0x00007f22287c7800 DEOPT UNPACKING pc=0x00007f2219004f69 sp=0x00007f21fb954df0 mode 2
Event: 3219,470 Thread 0x00007f22287c7800 Uncommon trap: trap_request=0xffffffc6 fr.pc=0x00007f2219bb13e4
Event: 3219,470 Thread 0x00007f22287c7800 DEOPT PACKING pc=0x00007f2219bb13e4 sp=0x00007f21fb956ec0
Event: 3219,470 Thread 0x00007f22287c7800 DEOPT UNPACKING pc=0x00007f2219004f69 sp=0x00007f21fb956e38 mode 2
Event: 3220,282 loading class mars/venus/MessagesPane$Asker$1$2
Event: 3220,282 loading class mars/venus/MessagesPane$Asker$1$2 done


Dynamic libraries:
00400000-00401000 r-xp 00000000 08:05 4331695                            /usr/lib/jvm/java-8-openjdk-amd64/jre/bin/java
00600000-00601000 r--p 00000000 08:05 4331695                            /usr/lib/jvm/java-8-openjdk-amd64/jre/bin/java
00601000-00602000 rw-p 00001000 08:05 4331695                            /usr/lib/jvm/java-8-openjdk-amd64/jre/bin/java
00f1c000-00f3d000 rw-p 00000000 00:00 0                                  [heap]
84e00000-87500000 rw-p 00000000 00:00 0 
87500000-d6f80000 ---p 00000000 00:00 0 
d6f80000-d9880000 rw-p 00000000 00:00 0 
d9880000-100000000 ---p 00000000 00:00 0 
100000000-100340000 rw-p 00000000 00:00 0 
100340000-140000000 ---p 00000000 00:00 0 
7f219c000000-7f219c021000 rw-p 00000000 00:00 0 
7f219c021000-7f21a0000000 ---p 00000000 00:00 0 
7f21a0000000-7f21a0021000 rw-p 00000000 00:00 0 
7f21a0021000-7f21a4000000 ---p 00000000 00:00 0 
7f21a4000000-7f21a4201000 rw-p 00000000 00:00 0 
7f21a4201000-7f21a8000000 ---p 00000000 00:00 0 
7f21a8000000-7f21a8021000 rw-p 00000000 00:00 0 
7f21a8021000-7f21ac000000 ---p 00000000 00:00 0 
7f21ac000000-7f21ac026000 rw-p 00000000 00:00 0 
7f21ac026000-7f21b0000000 ---p 00000000 00:00 0 
7f21b0000000-7f21b0266000 rw-p 00000000 00:00 0 
7f21b0266000-7f21b4000000 ---p 00000000 00:00 0 
7f21b4000000-7f21b4021000 rw-p 00000000 00:00 0 
7f21b4021000-7f21b8000000 ---p 00000000 00:00 0 
7f21b8000000-7f21b8024000 rw-p 00000000 00:00 0 
7f21b8024000-7f21bc000000 ---p 00000000 00:00 0 
7f21bc000000-7f21bc021000 rw-p 00000000 00:00 0 
7f21bc021000-7f21c0000000 ---p 00000000 00:00 0 
7f21c0000000-7f21c0021000 rw-p 00000000 00:00 0 
7f21c0021000-7f21c4000000 ---p 00000000 00:00 0 
7f21c4000000-7f21c5410000 rw-p 00000000 00:00 0 
7f21c5410000-7f21c8000000 ---p 00000000 00:00 0 
7f21c8000000-7f21c8021000 rw-p 00000000 00:00 0 
7f21c8021000-7f21cc000000 ---p 00000000 00:00 0 
7f21cc000000-7f21ce2aa000 rw-p 00000000 00:00 0 
7f21ce2aa000-7f21d0000000 ---p 00000000 00:00 0 
7f21d0000000-7f21d0f23000 rw-p 00000000 00:00 0 
7f21d0f23000-7f21d4000000 ---p 00000000 00:00 0 
7f21d4000000-7f21d4021000 rw-p 00000000 00:00 0 
7f21d4021000-7f21d8000000 ---p 00000000 00:00 0 
7f21d8000000-7f21d9093000 rw-p 00000000 00:00 0 
7f21d9093000-7f21dc000000 ---p 00000000 00:00 0 
7f21dc000000-7f21dc021000 rw-p 00000000 00:00 0 
7f21dc021000-7f21e0000000 ---p 00000000 00:00 0 
7f21e0000000-7f21e0021000 rw-p 00000000 00:00 0 
7f21e0021000-7f21e4000000 ---p 00000000 00:00 0 
7f21e4000000-7f21e4021000 rw-p 00000000 00:00 0 
7f21e4021000-7f21e8000000 ---p 00000000 00:00 0 
7f21e8000000-7f21e8093000 rw-p 00000000 00:00 0 
7f21e8093000-7f21ec000000 ---p 00000000 00:00 0 
7f21ec000000-7f21ec021000 rw-p 00000000 00:00 0 
7f21ec021000-7f21f0000000 ---p 00000000 00:00 0 
7f21f4000000-7f21f4021000 rw-p 00000000 00:00 0 
7f21f4021000-7f21f8000000 ---p 00000000 00:00 0 
7f21fac03000-7f21facc3000 rw-p 00000000 00:00 0 
7f21facc3000-7f21fae03000 ---p 00000000 00:00 0 
7f21fae03000-7f21fb003000 rw-p 00000000 00:00 0 
7f21fb003000-7f21fb203000 rw-p 00000000 00:00 0 
7f21fb203000-7f21fb206000 ---p 00000000 00:00 0 
7f21fb206000-7f21fb304000 rw-p 00000000 00:00 0 
7f21fb304000-7f21fb307000 ---p 00000000 00:00 0 
7f21fb307000-7f21fb405000 rw-p 00000000 00:00 0 
7f21fb405000-7f21fb408000 ---p 00000000 00:00 0 
7f21fb408000-7f21fb706000 rw-p 00000000 00:00 0 
7f21fb706000-7f21fb709000 ---p 00000000 00:00 0 
7f21fb709000-7f21fb807000 rw-p 00000000 00:00 0 
7f21fb807000-7f21fb859000 rw-s 00000000 00:05 1376268                    /SYSV00000000 (deleted)
7f21fb859000-7f21fb85c000 ---p 00000000 00:00 0 
7f21fb85c000-7f21fbb5a000 rw-p 00000000 00:00 0 
7f21fbcff000-7f21fc000000 rw-p 00000000 00:00 0 
7f21fc000000-7f21fc021000 rw-p 00000000 00:00 0 
7f21fc021000-7f2200000000 ---p 00000000 00:00 0 
7f2200094000-7f22000a5000 r-xp 00000000 08:05 4326234                    /usr/lib/jvm/java-8-openjdk-amd64/jre/lib/amd64/libnio.so
7f22000a5000-7f22002a5000 ---p 00011000 08:05 4326234                    /usr/lib/jvm/java-8-openjdk-amd64/jre/lib/amd64/libnio.so
7f22002a5000-7f22002a6000 r--p 00011000 08:05 4326234                    /usr/lib/jvm/java-8-openjdk-amd64/jre/lib/amd64/libnio.so
7f22002a6000-7f22002a7000 rw-p 00012000 08:05 4326234                    /usr/lib/jvm/java-8-openjdk-amd64/jre/lib/amd64/libnio.so
7f22002a7000-7f22002be000 r-xp 00000000 08:05 4331628                    /usr/lib/jvm/java-8-openjdk-amd64/jre/lib/amd64/libnet.so
7f22002be000-7f22004bd000 ---p 00017000 08:05 4331628                    /usr/lib/jvm/java-8-openjdk-amd64/jre/lib/amd64/libnet.so
7f22004bd000-7f22004be000 r--p 00016000 08:05 4331628                    /usr/lib/jvm/java-8-openjdk-amd64/jre/lib/amd64/libnet.so
7f22004be000-7f22004bf000 rw-p 00017000 08:05 4331628                    /usr/lib/jvm/java-8-openjdk-amd64/jre/lib/amd64/libnet.so
7f22004bf000-7f22006bf000 rw-p 00000000 00:00 0 
7f22006bf000-7f2200716000 r-xp 00000000 08:05 4203617                    /usr/lib/x86_64-linux-gnu/libjpeg.so.8.0.2
7f2200716000-7f2200916000 ---p 00057000 08:05 4203617                    /usr/lib/x86_64-linux-gnu/libjpeg.so.8.0.2
7f2200916000-7f2200917000 r--p 00057000 08:05 4203617                    /usr/lib/x86_64-linux-gnu/libjpeg.so.8.0.2
7f2200917000-7f2200918000 rw-p 00058000 08:05 4203617                    /usr/lib/x86_64-linux-gnu/libjpeg.so.8.0.2
7f2200918000-7f2200922000 r-xp 00000000 08:05 4331618                    /usr/lib/jvm/java-8-openjdk-amd64/jre/lib/amd64/libjavajpeg.so
7f2200922000-7f2200b21000 ---p 0000a000 08:05 4331618                    /usr/lib/jvm/java-8-openjdk-amd64/jre/lib/amd64/libjavajpeg.so
7f2200b21000-7f2200b22000 r--p 00009000 08:05 4331618                    /usr/lib/jvm/java-8-openjdk-amd64/jre/lib/amd64/libjavajpeg.so
7f2200b22000-7f2200b23000 rw-p 0000a000 08:05 4331618                    /usr/lib/jvm/java-8-openjdk-amd64/jre/lib/amd64/libjavajpeg.so
7f2200b23000-7f2200b26000 ---p 00000000 00:00 0 
7f2200b26000-7f2200e24000 rw-p 00000000 00:00 0 
7f2200e24000-7f2200e27000 ---p 00000000 00:00 0 
7f2200e27000-7f2200f25000 rw-p 00000000 00:00 0 
7f2200f25000-7f2200f2a000 r-xp 00000000 08:05 4202841                    /usr/lib/x86_64-linux-gnu/libXfixes.so.3.1.0
7f2200f2a000-7f2201129000 ---p 00005000 08:05 4202841                    /usr/lib/x86_64-linux-gnu/libXfixes.so.3.1.0
7f2201129000-7f220112a000 r--p 00004000 08:05 4202841                    /usr/lib/x86_64-linux-gnu/libXfixes.so.3.1.0
7f220112a000-7f220112b000 rw-p 00005000 08:05 4202841                    /usr/lib/x86_64-linux-gnu/libXfixes.so.3.1.0
7f220112b000-7f2201134000 r-xp 00000000 08:05 4202833                    /usr/lib/x86_64-linux-gnu/libXcursor.so.1.0.2
7f2201134000-7f2201333000 ---p 00009000 08:05 4202833                    /usr/lib/x86_64-linux-gnu/libXcursor.so.1.0.2
7f2201333000-7f2201334000 r--p 00008000 08:05 4202833                    /usr/lib/x86_64-linux-gnu/libXcursor.so.1.0.2
7f2201334000-7f2201335000 rw-p 00009000 08:05 4202833                    /usr/lib/x86_64-linux-gnu/libXcursor.so.1.0.2
7f2201335000-7f2201338000 ---p 00000000 00:00 0 
7f2201338000-7f2201436000 rw-p 00000000 00:00 0 
7f2201436000-7f220145a000 r-xp 00000000 08:05 7869053                    /lib/x86_64-linux-gnu/libpng12.so.0.54.0
7f220145a000-7f2201659000 ---p 00024000 08:05 7869053                    /lib/x86_64-linux-gnu/libpng12.so.0.54.0
7f2201659000-7f220165a000 r--p 00023000 08:05 7869053                    /lib/x86_64-linux-gnu/libpng12.so.0.54.0
7f220165a000-7f220165b000 rw-p 00024000 08:05 7869053                    /lib/x86_64-linux-gnu/libpng12.so.0.54.0
7f220165b000-7f22016ff000 r-xp 00000000 08:05 4203266                    /usr/lib/x86_64-linux-gnu/libfreetype.so.6.12.1
7f22016ff000-7f22018fe000 ---p 000a4000 08:05 4203266                    /usr/lib/x86_64-linux-gnu/libfreetype.so.6.12.1
7f22018fe000-7f2201904000 r--p 000a3000 08:05 4203266                    /usr/lib/x86_64-linux-gnu/libfreetype.so.6.12.1
7f2201904000-7f2201905000 rw-p 000a9000 08:05 4203266                    /usr/lib/x86_64-linux-gnu/libfreetype.so.6.12.1
7f2201905000-7f2201957000 r-xp 00000000 08:05 4326137                    /usr/lib/jvm/java-8-openjdk-amd64/jre/lib/amd64/libfontmanager.so
7f2201957000-7f2201b57000 ---p 00052000 08:05 4326137                    /usr/lib/jvm/java-8-openjdk-amd64/jre/lib/amd64/libfontmanager.so
7f2201b57000-7f2201b59000 r--p 00052000 08:05 4326137                    /usr/lib/jvm/java-8-openjdk-amd64/jre/lib/amd64/libfontmanager.so
7f2201b59000-7f2201b5a000 rw-p 00054000 08:05 4326137                    /usr/lib/jvm/java-8-openjdk-amd64/jre/lib/amd64/libfontmanager.so
7f2201b5a000-7f2201b5f000 r-xp 00000000 08:05 4202837                    /usr/lib/x86_64-linux-gnu/libXdmcp.so.6.0.0
7f2201b5f000-7f2201d5e000 ---p 00005000 08:05 4202837                    /usr/lib/x86_64-linux-gnu/libXdmcp.so.6.0.0
7f2201d5e000-7f2201d5f000 r--p 00004000 08:05 4202837                    /usr/lib/x86_64-linux-gnu/libXdmcp.so.6.0.0
7f2201d5f000-7f2201d60000 rw-p 00005000 08:05 4202837                    /usr/lib/x86_64-linux-gnu/libXdmcp.so.6.0.0
7f2201d60000-7f2201d62000 r-xp 00000000 08:05 4202826                    /usr/lib/x86_64-linux-gnu/libXau.so.6.0.0
7f2201d62000-7f2201f62000 ---p 00002000 08:05 4202826                    /usr/lib/x86_64-linux-gnu/libXau.so.6.0.0
7f2201f62000-7f2201f63000 r--p 00002000 08:05 4202826                    /usr/lib/x86_64-linux-gnu/libXau.so.6.0.0
7f2201f63000-7f2201f64000 rw-p 00003000 08:05 4202826                    /usr/lib/x86_64-linux-gnu/libXau.so.6.0.0
7f2201f64000-7f2201f85000 r-xp 00000000 08:05 4204246                    /usr/lib/x86_64-linux-gnu/libxcb.so.1.1.0
7f2201f85000-7f2202184000 ---p 00021000 08:05 4204246                    /usr/lib/x86_64-linux-gnu/libxcb.so.1.1.0
7f2202184000-7f2202185000 r--p 00020000 08:05 4204246                    /usr/lib/x86_64-linux-gnu/libxcb.so.1.1.0
7f2202185000-7f2202186000 rw-p 00021000 08:05 4204246                    /usr/lib/x86_64-linux-gnu/libxcb.so.1.1.0
7f2202186000-7f2202195000 r-xp 00000000 08:05 4202847                    /usr/lib/x86_64-linux-gnu/libXi.so.6.1.0
7f2202195000-7f2202394000 ---p 0000f000 08:05 4202847                    /usr/lib/x86_64-linux-gnu/libXi.so.6.1.0
7f2202394000-7f2202395000 r--p 0000e000 08:05 4202847                    /usr/lib/x86_64-linux-gnu/libXi.so.6.1.0
7f2202395000-7f2202396000 rw-p 0000f000 08:05 4202847                    /usr/lib/x86_64-linux-gnu/libXi.so.6.1.0
7f2202396000-7f220239b000 r-xp 00000000 08:05 4202865                    /usr/lib/x86_64-linux-gnu/libXtst.so.6.1.0
7f220239b000-7f220259a000 ---p 00005000 08:05 4202865                    /usr/lib/x86_64-linux-gnu/libXtst.so.6.1.0
7f220259a000-7f220259b000 r--p 00004000 08:05 4202865                    /usr/lib/x86_64-linux-gnu/libXtst.so.6.1.0
7f220259b000-7f220259c000 rw-p 00005000 08:05 4202865                    /usr/lib/x86_64-linux-gnu/libXtst.so.6.1.0
7f220259c000-7f22025a5000 r-xp 00000000 08:05 4202859                    /usr/lib/x86_64-linux-gnu/libXrender.so.1.3.0
7f22025a5000-7f22027a4000 ---p 00009000 08:05 4202859                    /usr/lib/x86_64-linux-gnu/libXrender.so.1.3.0
7f22027a4000-7f22027a5000 r--p 00008000 08:05 4202859                    /usr/lib/x86_64-linux-gnu/libXrender.so.1.3.0
7f22027a5000-7f22027a6000 rw-p 00009000 08:05 4202859                    /usr/lib/x86_64-linux-gnu/libXrender.so.1.3.0
7f22027a6000-7f22028db000 r-xp 00000000 08:05 4202822                    /usr/lib/x86_64-linux-gnu/libX11.so.6.3.0
7f22028db000-7f2202adb000 ---p 00135000 08:05 4202822                    /usr/lib/x86_64-linux-gnu/libX11.so.6.3.0
7f2202adb000-7f2202adc000 r--p 00135000 08:05 4202822                    /usr/lib/x86_64-linux-gnu/libX11.so.6.3.0
7f2202adc000-7f2202ae0000 rw-p 00136000 08:05 4202822                    /usr/lib/x86_64-linux-gnu/libX11.so.6.3.0
7f2202ae0000-7f2202af1000 r-xp 00000000 08:05 4202839                    /usr/lib/x86_64-linux-gnu/libXext.so.6.4.0
7f2202af1000-7f2202cf0000 ---p 00011000 08:05 4202839                    /usr/lib/x86_64-linux-gnu/libXext.so.6.4.0
7f2202cf0000-7f2202cf1000 r--p 00010000 08:05 4202839                    /usr/lib/x86_64-linux-gnu/libXext.so.6.4.0
7f2202cf1000-7f2202cf2000 rw-p 00011000 08:05 4202839                    /usr/lib/x86_64-linux-gnu/libXext.so.6.4.0
7f2202cf2000-7f2202d46000 r-xp 00000000 08:05 4331622                    /usr/lib/jvm/java-8-openjdk-amd64/jre/lib/amd64/libawt_xawt.so
7f2202d46000-7f2202f46000 ---p 00054000 08:05 4331622                    /usr/lib/jvm/java-8-openjdk-amd64/jre/lib/amd64/libawt_xawt.so
7f2202f46000-7f2202f47000 r--p 00054000 08:05 4331622                    /usr/lib/jvm/java-8-openjdk-amd64/jre/lib/amd64/libawt_xawt.so
7f2202f47000-7f2202f4a000 rw-p 00055000 08:05 4331622                    /usr/lib/jvm/java-8-openjdk-amd64/jre/lib/amd64/libawt_xawt.so
7f2202f4a000-7f2202f4b000 rw-p 00000000 00:00 0 
7f2202f4b000-7f2202feb000 r-xp 00000000 08:05 4331629                    /usr/lib/jvm/java-8-openjdk-amd64/jre/lib/amd64/libawt.so
7f2202feb000-7f22031eb000 ---p 000a0000 08:05 4331629                    /usr/lib/jvm/java-8-openjdk-amd64/jre/lib/amd64/libawt.so
7f22031eb000-7f22031ec000 r--p 000a0000 08:05 4331629                    /usr/lib/jvm/java-8-openjdk-amd64/jre/lib/amd64/libawt.so
7f22031ec000-7f22031f7000 rw-p 000a1000 08:05 4331629                    /usr/lib/jvm/java-8-openjdk-amd64/jre/lib/amd64/libawt.so
7f22031f7000-7f220321c000 rw-p 00000000 00:00 0 
7f220321c000-7f220321f000 ---p 00000000 00:00 0 
7f220321f000-7f220331d000 rw-p 00000000 00:00 0 
7f220331d000-7f220331e000 ---p 00000000 00:00 0 
7f220331e000-7f220341e000 rw-p 00000000 00:00 0 
7f220341e000-7f2203421000 ---p 00000000 00:00 0 
7f2203421000-7f220351f000 rw-p 00000000 00:00 0 
7f220351f000-7f2203522000 ---p 00000000 00:00 0 
7f2203522000-7f2203620000 rw-p 00000000 00:00 0 
7f2203620000-7f2203623000 ---p 00000000 00:00 0 
7f2203623000-7f2203721000 rw-p 00000000 00:00 0 
7f2203721000-7f2203724000 ---p 00000000 00:00 0 
7f2203724000-7f2203822000 rw-p 00000000 00:00 0 
7f2203822000-7f2203825000 ---p 00000000 00:00 0 
7f2203825000-7f2203923000 rw-p 00000000 00:00 0 
7f2203923000-7f2203926000 ---p 00000000 00:00 0 
7f2203926000-7f2203a24000 rw-p 00000000 00:00 0 
7f2203a24000-7f2203cfd000 r--p 00000000 08:05 4194447                    /usr/lib/locale/locale-archive
7f2203cfd000-7f2203d00000 ---p 00000000 00:00 0 
7f2203d00000-7f2203dfe000 rw-p 00000000 00:00 0 
7f2203dfe000-7f2203e01000 ---p 00000000 00:00 0 
7f2203e01000-7f2203eff000 rw-p 00000000 00:00 0 
7f2203eff000-7f2203f00000 ---p 00000000 00:00 0 
7f2203f00000-7f2204000000 rw-p 00000000 00:00 0 
7f2204000000-7f2204021000 rw-p 00000000 00:00 0 
7f2204021000-7f2208000000 ---p 00000000 00:00 0 
7f2208000000-7f2208021000 rw-p 00000000 00:00 0 
7f2208021000-7f220c000000 ---p 00000000 00:00 0 
7f220c000000-7f220c021000 rw-p 00000000 00:00 0 
7f220c021000-7f2210000000 ---p 00000000 00:00 0 
7f221006e000-7f2214000000 rw-p 00000000 00:00 0 
7f2214000000-7f2214021000 rw-p 00000000 00:00 0 
7f2214021000-7f2218000000 ---p 00000000 00:00 0 
7f2218078000-7f2218083000 r--s 00000000 08:05 12189822                   /var/cache/fontconfig/945677eb7aeaf62f1d50efc3fb3ec7d8-le64.cache-6
7f2218083000-7f2218085000 r--s 00000000 08:05 12199608                   /var/cache/fontconfig/99e8ed0e538f840c565b6ed5dad60d56-le64.cache-6
7f2218085000-7f221808b000 r--s 00000000 08:05 12199607                   /var/cache/fontconfig/2cd17615ca594fa2959ae173292e504c-le64.cache-6
7f221808b000-7f221808c000 r--s 00000000 08:05 12199585                   /var/cache/fontconfig/0d8c3b2ac0904cb8a57a757ad11a4a08-le64.cache-6
7f221808c000-7f22180a1000 r--s 00000000 08:05 12199584                   /var/cache/fontconfig/04aabc0a78ac019cf9454389977116d2-le64.cache-6
7f22180a1000-7f22180a2000 r--s 00000000 08:05 12199583                   /var/cache/fontconfig/1ac9eb803944fde146138c791f5cc56a-le64.cache-6
7f22180a2000-7f22180a6000 r--s 00000000 08:05 12199582                   /var/cache/fontconfig/385c0604a188198f04d133e54aba7fe7-le64.cache-6
7f22180a6000-7f22180a7000 r--s 00000000 08:05 12199581                   /var/cache/fontconfig/dc05db6664285cc2f12bf69c139ae4c3-le64.cache-6
7f22180a7000-7f22180a9000 r--s 00000000 08:05 12198790                   /var/cache/fontconfig/14a5e22175779b556eaa434240950366-le64.cache-6
7f22180a9000-7f22180aa000 r--s 00000000 08:05 12198789                   /var/cache/fontconfig/660208299946a285a940457d1287da33-le64.cache-6
7f22180aa000-7f22180ac000 r--s 00000000 08:05 12198786                   /var/cache/fontconfig/4f3e3037c9980c83b53a9351efadef62-le64.cache-6
7f22180ac000-7f22180ec000 r--s 00000000 08:05 12198443                   /var/cache/fontconfig/0bd3dc0958fa2205aaaa8ebb13e2872b-le64.cache-6
7f22180ec000-7f22180f1000 r--s 00000000 08:05 12198442                   /var/cache/fontconfig/8801497958630a81b71ace7c5f9b32a8-le64.cache-6
7f22180f1000-7f2219000000 rw-p 00000000 00:00 0 
7f2219000000-7f2219f10000 rwxp 00000000 00:00 0 
7f2219f10000-7f2228000000 ---p 00000000 00:00 0 
7f2228000000-7f22287cf000 rw-p 00000000 00:00 0 
7f22287cf000-7f222c000000 ---p 00000000 00:00 0 
7f222c000000-7f222c003000 r--s 00000000 08:05 12198785                   /var/cache/fontconfig/767a8244fc0220cfb567a839d0392e0b-le64.cache-6
7f222c003000-7f222c004000 r--s 00000000 08:05 12194602                   /var/cache/fontconfig/4794a0821666d79190d59a36cb4f44b5-le64.cache-6
7f222c004000-7f222c007000 r--s 00000000 08:05 12198383                   /var/cache/fontconfig/a015930274ffcd967d2ca1b57da47cc7-le64.cache-6
7f222c007000-7f222c008000 r--s 00000000 08:05 12198382                   /var/cache/fontconfig/b872e6e592da6075ffa4ab0a1fcc0c75-le64.cache-6
7f222c008000-7f222c009000 r--s 00000000 08:05 12198234                   /var/cache/fontconfig/f6d4eedfaab2589bde49f7a3ff831d22-le64.cache-6
7f222c009000-7f222c00a000 r--s 00000000 08:05 12198233                   /var/cache/fontconfig/589f83ef4c36d296ce6e1c846f468f08-le64.cache-6
7f222c00a000-7f222c00b000 r--s 00000000 08:05 12198232                   /var/cache/fontconfig/bab58bb527bb656aaa9f116d68a48d89-le64.cache-6
7f222c00b000-7f222c00c000 r--s 00000000 08:05 12198230                   /var/cache/fontconfig/2171a34dccabdb6bcbbc728186263178-le64.cache-6
7f222c00c000-7f222c00d000 r--s 00000000 08:05 12198229                   /var/cache/fontconfig/c5c45a61289222e0d30b1a26ef4effbe-le64.cache-6
7f222c00d000-7f222c00e000 r--s 00000000 08:05 12198227                   /var/cache/fontconfig/aec30016f93e1b46d1a973dce0d74068-le64.cache-6
7f222c00e000-7f222c00f000 r--s 00000000 08:05 12198210                   /var/cache/fontconfig/3f589640d34b7dc9042c8d453f7c8b9c-le64.cache-6
7f222c00f000-7f222c010000 r--s 00000000 08:05 12198209                   /var/cache/fontconfig/16c2fda60d1b4b719f4b3d06fd951d25-le64.cache-6
7f222c010000-7f222c011000 r--s 00000000 08:05 12198208                   /var/cache/fontconfig/a48eab177a16e4f3713381162db2f3e9-le64.cache-6
7f222c011000-7f222c012000 r--s 00000000 08:05 12198207                   /var/cache/fontconfig/564b2e68ac9bc4e36a6f7f6d6125ec1c-le64.cache-6
7f222c012000-7f222c019000 r--s 00000000 08:05 12198206                   /var/cache/fontconfig/3047814df9a2f067bd2d96a2b9c36e5a-le64.cache-6
7f222c019000-7f222c01a000 r--s 00000000 08:05 12198205                   /var/cache/fontconfig/56cf4f4769d0f4abc89a4895d7bd3ae1-le64.cache-6
7f222c01a000-7f222c01b000 r--s 00000000 08:05 12198204                   /var/cache/fontconfig/b9d506c9ac06c20b433354fa67a72993-le64.cache-6
7f222c01b000-7f222c021000 r--s 00000000 08:05 12198203                   /var/cache/fontconfig/b47c4e1ecd0709278f4910c18777a504-le64.cache-6
7f222c021000-7f222c034000 r--s 00000000 08:05 12197297                   /var/cache/fontconfig/d52a8644073d54c13679302ca1180695-le64.cache-6
7f222c034000-7f222c035000 r--s 00000000 08:05 12197291                   /var/cache/fontconfig/370e5b74bf5dafc30834de68e24a87a4-le64.cache-6
7f222c035000-7f222c036000 r--s 00000000 08:05 12197290                   /var/cache/fontconfig/6b2c5944714ca7831b25bed9e85cb5c8-le64.cache-6
7f222c036000-7f222c037000 r--s 00000000 08:05 12196463                   /var/cache/fontconfig/d5178ab6d91b49bf20a416737dcea9e8-le64.cache-6
7f222c037000-7f222c038000 r--s 00000000 08:05 12196120                   /var/cache/fontconfig/551ecf3b0e8b0bca0f25c0944f561853-le64.cache-6
7f222c038000-7f222c03b000 r--s 00000000 08:05 12196119                   /var/cache/fontconfig/f259c2cffa685e28062317905db73c4a-le64.cache-6
7f222c03b000-7f222c03d000 r--s 00000000 08:05 12196118                   /var/cache/fontconfig/550f3886151c940c12a5ed35f6a00586-le64.cache-6
7f222c03d000-7f222c040000 r--s 00000000 08:05 12195449                   /var/cache/fontconfig/674d1711f2d1d2a09646eb0bdcadee49-le64.cache-6
7f222c040000-7f222c04b000 r--s 00000000 08:05 12195448                   /var/cache/fontconfig/d589a48862398ed80a3d6066f4f56f4c-le64.cache-6
7f222c04b000-7f222c04c000 r--s 00000000 08:05 12195188                   /var/cache/fontconfig/0c9eb80ebd1c36541ebe2852d3bb0c49-le64.cache-6
7f222c04c000-7f222c04d000 r--s 00000000 08:05 12195185                   /var/cache/fontconfig/22368d551a680bfe5a62c02760edf4ea-le64.cache-6
7f222c04d000-7f222c04e000 r--s 00000000 08:05 12194300                   /var/cache/fontconfig/4d9c95eba1cb85bbcf2878543262124a-le64.cache-6
7f222c04e000-7f222c04f000 r--s 00000000 08:05 12194298                   /var/cache/fontconfig/85e0a52ce643a7ba2ae53e5d6949cead-le64.cache-6
7f222c04f000-7f222c050000 r--s 00000000 08:05 12194287                   /var/cache/fontconfig/49f0de54bdd920fe4f0dfd4cbac43e6b-le64.cache-6
7f222c050000-7f222c062000 r--s 00000000 08:05 12190308                   /var/cache/fontconfig/9b89f8e3dae116d678bbf48e5f21f69b-le64.cache-6
7f222c062000-7f222c06b000 r--s 00000000 08:05 12189790                   /var/cache/fontconfig/d0972c3d32f097851eb916381fc38920-le64.cache-6
7f222c06b000-7f222c06e000 r--s 00000000 08:05 12189815                   /var/cache/fontconfig/e13b20fdb08344e0e664864cc2ede53d-le64.cache-6
7f222c06e000-7f222c072000 r--s 00000000 08:05 12190314                   /var/cache/fontconfig/7ef2298fde41cc6eeb7af42e48b7d293-le64.cache-6
7f222c08a000-7f222c09d000 r--s 00346000 08:05 4331649                    /usr/lib/jvm/java-8-openjdk-amd64/jre/lib/resources.jar
7f222c09d000-7f222c0bb000 r--s 003dc000 08:05 4070257                    /home/vinspi/compilation/mars/Mars4_5.jar
7f222c0bb000-7f222c0d6000 r--s 001d5000 08:05 4331634                    /usr/lib/jvm/java-8-openjdk-amd64/jre/lib/ext/nashorn.jar
7f222c0d6000-7f222c0f1000 r--s 00394000 08:05 4331633                    /usr/lib/jvm/java-8-openjdk-amd64/jre/lib/ext/cldrdata.jar
7f222c0f1000-7f222cafb000 rw-p 00000000 00:00 0 
7f222cafb000-7f222ccc9000 r--s 03bf1000 08:05 4331652                    /usr/lib/jvm/java-8-openjdk-amd64/jre/lib/rt.jar
7f222ccc9000-7f222d53f000 rw-p 00000000 00:00 0 
7f222d53f000-7f222d918000 rw-p 00000000 00:00 0 
7f222d918000-7f222d919000 ---p 00000000 00:00 0 
7f222d919000-7f222da19000 rw-p 00000000 00:00 0 
7f222da19000-7f222da1a000 ---p 00000000 00:00 0 
7f222da1a000-7f222db1a000 rw-p 00000000 00:00 0 
7f222db1a000-7f222db1b000 ---p 00000000 00:00 0 
7f222db1b000-7f222dc1b000 rw-p 00000000 00:00 0 
7f222dc1b000-7f222dc1c000 ---p 00000000 00:00 0 
7f222dc1c000-7f222dd1c000 rw-p 00000000 00:00 0 
7f222dd1c000-7f222dd1d000 ---p 00000000 00:00 0 
7f222dd1d000-7f222de1d000 rw-p 00000000 00:00 0 
7f222de1d000-7f222de1e000 ---p 00000000 00:00 0 
7f222de1e000-7f222df1e000 rw-p 00000000 00:00 0 
7f222df1e000-7f222df1f000 ---p 00000000 00:00 0 
7f222df1f000-7f222e01f000 rw-p 00000000 00:00 0 
7f222e01f000-7f222e020000 ---p 00000000 00:00 0 
7f222e020000-7f222e134000 rw-p 00000000 00:00 0 
7f222e134000-7f222e3b1000 ---p 00000000 00:00 0 
7f222e3b1000-7f222e3c5000 rw-p 00000000 00:00 0 
7f222e3c5000-7f222e641000 ---p 00000000 00:00 0 
7f222e641000-7f222e657000 rw-p 00000000 00:00 0 
7f222e657000-7f222e78a000 ---p 00000000 00:00 0 
7f222e78a000-7f222e7c8000 rw-p 00000000 00:00 0 
7f222e7c8000-7f222eb4b000 ---p 00000000 00:00 0 
7f222eb4b000-7f222eb53000 r-xp 00000000 08:05 4331609                    /usr/lib/jvm/java-8-openjdk-amd64/jre/lib/amd64/libzip.so
7f222eb53000-7f222ed52000 ---p 00008000 08:05 4331609                    /usr/lib/jvm/java-8-openjdk-amd64/jre/lib/amd64/libzip.so
7f222ed52000-7f222ed53000 r--p 00007000 08:05 4331609                    /usr/lib/jvm/java-8-openjdk-amd64/jre/lib/amd64/libzip.so
7f222ed53000-7f222ed54000 rw-p 00008000 08:05 4331609                    /usr/lib/jvm/java-8-openjdk-amd64/jre/lib/amd64/libzip.so
7f222ed54000-7f222ed5f000 r-xp 00000000 08:05 7870924                    /lib/x86_64-linux-gnu/libnss_files-2.23.so
7f222ed5f000-7f222ef5e000 ---p 0000b000 08:05 7870924                    /lib/x86_64-linux-gnu/libnss_files-2.23.so
7f222ef5e000-7f222ef5f000 r--p 0000a000 08:05 7870924                    /lib/x86_64-linux-gnu/libnss_files-2.23.so
7f222ef5f000-7f222ef60000 rw-p 0000b000 08:05 7870924                    /lib/x86_64-linux-gnu/libnss_files-2.23.so
7f222ef60000-7f222ef66000 rw-p 00000000 00:00 0 
7f222ef66000-7f222ef71000 r-xp 00000000 08:05 7870909                    /lib/x86_64-linux-gnu/libnss_nis-2.23.so
7f222ef71000-7f222f170000 ---p 0000b000 08:05 7870909                    /lib/x86_64-linux-gnu/libnss_nis-2.23.so
7f222f170000-7f222f171000 r--p 0000a000 08:05 7870909                    /lib/x86_64-linux-gnu/libnss_nis-2.23.so
7f222f171000-7f222f172000 rw-p 0000b000 08:05 7870909                    /lib/x86_64-linux-gnu/libnss_nis-2.23.so
7f222f172000-7f222f188000 r-xp 00000000 08:05 7870920                    /lib/x86_64-linux-gnu/libnsl-2.23.so
7f222f188000-7f222f387000 ---p 00016000 08:05 7870920                    /lib/x86_64-linux-gnu/libnsl-2.23.so
7f222f387000-7f222f388000 r--p 00015000 08:05 7870920                    /lib/x86_64-linux-gnu/libnsl-2.23.so
7f222f388000-7f222f389000 rw-p 00016000 08:05 7870920                    /lib/x86_64-linux-gnu/libnsl-2.23.so
7f222f389000-7f222f38b000 rw-p 00000000 00:00 0 
7f222f38b000-7f222f393000 r-xp 00000000 08:05 7870921                    /lib/x86_64-linux-gnu/libnss_compat-2.23.so
7f222f393000-7f222f592000 ---p 00008000 08:05 7870921                    /lib/x86_64-linux-gnu/libnss_compat-2.23.so
7f222f592000-7f222f593000 r--p 00007000 08:05 7870921                    /lib/x86_64-linux-gnu/libnss_compat-2.23.so
7f222f593000-7f222f594000 rw-p 00008000 08:05 7870921                    /lib/x86_64-linux-gnu/libnss_compat-2.23.so
7f222f594000-7f222f5c1000 r-xp 00000000 08:05 4326220                    /usr/lib/jvm/java-8-openjdk-amd64/jre/lib/amd64/libjava.so
7f222f5c1000-7f222f7c0000 ---p 0002d000 08:05 4326220                    /usr/lib/jvm/java-8-openjdk-amd64/jre/lib/amd64/libjava.so
7f222f7c0000-7f222f7c1000 r--p 0002c000 08:05 4326220                    /usr/lib/jvm/java-8-openjdk-amd64/jre/lib/amd64/libjava.so
7f222f7c1000-7f222f7c3000 rw-p 0002d000 08:05 4326220                    /usr/lib/jvm/java-8-openjdk-amd64/jre/lib/amd64/libjava.so
7f222f7c3000-7f222f7d2000 r-xp 00000000 08:05 4331607                    /usr/lib/jvm/java-8-openjdk-amd64/jre/lib/amd64/libverify.so
7f222f7d2000-7f222f9d1000 ---p 0000f000 08:05 4331607                    /usr/lib/jvm/java-8-openjdk-amd64/jre/lib/amd64/libverify.so
7f222f9d1000-7f222f9d3000 r--p 0000e000 08:05 4331607                    /usr/lib/jvm/java-8-openjdk-amd64/jre/lib/amd64/libverify.so
7f222f9d3000-7f222f9d4000 rw-p 00010000 08:05 4331607                    /usr/lib/jvm/java-8-openjdk-amd64/jre/lib/amd64/libverify.so
7f222f9d4000-7f222f9db000 r-xp 00000000 08:05 7870908                    /lib/x86_64-linux-gnu/librt-2.23.so
7f222f9db000-7f222fbda000 ---p 00007000 08:05 7870908                    /lib/x86_64-linux-gnu/librt-2.23.so
7f222fbda000-7f222fbdb000 r--p 00006000 08:05 7870908                    /lib/x86_64-linux-gnu/librt-2.23.so
7f222fbdb000-7f222fbdc000 rw-p 00007000 08:05 7870908                    /lib/x86_64-linux-gnu/librt-2.23.so
7f222fbdc000-7f222fbf2000 r-xp 00000000 08:05 7868950                    /lib/x86_64-linux-gnu/libgcc_s.so.1
7f222fbf2000-7f222fdf1000 ---p 00016000 08:05 7868950                    /lib/x86_64-linux-gnu/libgcc_s.so.1
7f222fdf1000-7f222fdf2000 rw-p 00015000 08:05 7868950                    /lib/x86_64-linux-gnu/libgcc_s.so.1
7f222fdf2000-7f222fefa000 r-xp 00000000 08:05 7870918                    /lib/x86_64-linux-gnu/libm-2.23.so
7f222fefa000-7f22300f9000 ---p 00108000 08:05 7870918                    /lib/x86_64-linux-gnu/libm-2.23.so
7f22300f9000-7f22300fa000 r--p 00107000 08:05 7870918                    /lib/x86_64-linux-gnu/libm-2.23.so
7f22300fa000-7f22300fb000 rw-p 00108000 08:05 7870918                    /lib/x86_64-linux-gnu/libm-2.23.so
7f22300fb000-7f223026d000 r-xp 00000000 08:05 4198351                    /usr/lib/x86_64-linux-gnu/libstdc++.so.6.0.21
7f223026d000-7f223046d000 ---p 00172000 08:05 4198351                    /usr/lib/x86_64-linux-gnu/libstdc++.so.6.0.21
7f223046d000-7f2230477000 r--p 00172000 08:05 4198351                    /usr/lib/x86_64-linux-gnu/libstdc++.so.6.0.21
7f2230477000-7f2230479000 rw-p 0017c000 08:05 4198351                    /usr/lib/x86_64-linux-gnu/libstdc++.so.6.0.21
7f2230479000-7f223047d000 rw-p 00000000 00:00 0 
7f223047d000-7f22310cc000 r-xp 00000000 08:05 4331610                    /usr/lib/jvm/java-8-openjdk-amd64/jre/lib/amd64/server/libjvm.so
7f22310cc000-7f22312cb000 ---p 00c4f000 08:05 4331610                    /usr/lib/jvm/java-8-openjdk-amd64/jre/lib/amd64/server/libjvm.so
7f22312cb000-7f223135e000 r--p 00c4e000 08:05 4331610                    /usr/lib/jvm/java-8-openjdk-amd64/jre/lib/amd64/server/libjvm.so
7f223135e000-7f2231387000 rw-p 00ce1000 08:05 4331610                    /usr/lib/jvm/java-8-openjdk-amd64/jre/lib/amd64/server/libjvm.so
7f2231387000-7f22313b7000 rw-p 00000000 00:00 0 
7f22313b7000-7f22313cf000 r-xp 00000000 08:05 7870919                    /lib/x86_64-linux-gnu/libpthread-2.23.so
7f22313cf000-7f22315ce000 ---p 00018000 08:05 7870919                    /lib/x86_64-linux-gnu/libpthread-2.23.so
7f22315ce000-7f22315cf000 r--p 00017000 08:05 7870919                    /lib/x86_64-linux-gnu/libpthread-2.23.so
7f22315cf000-7f22315d0000 rw-p 00018000 08:05 7870919                    /lib/x86_64-linux-gnu/libpthread-2.23.so
7f22315d0000-7f22315d4000 rw-p 00000000 00:00 0 
7f22315d4000-7f22315d7000 r-xp 00000000 08:05 7870912                    /lib/x86_64-linux-gnu/libdl-2.23.so
7f22315d7000-7f22317d6000 ---p 00003000 08:05 7870912                    /lib/x86_64-linux-gnu/libdl-2.23.so
7f22317d6000-7f22317d7000 r--p 00002000 08:05 7870912                    /lib/x86_64-linux-gnu/libdl-2.23.so
7f22317d7000-7f22317d8000 rw-p 00003000 08:05 7870912                    /lib/x86_64-linux-gnu/libdl-2.23.so
7f22317d8000-7f22317f1000 r-xp 00000000 08:05 7869103                    /lib/x86_64-linux-gnu/libz.so.1.2.8
7f22317f1000-7f22319f0000 ---p 00019000 08:05 7869103                    /lib/x86_64-linux-gnu/libz.so.1.2.8
7f22319f0000-7f22319f1000 r--p 00018000 08:05 7869103                    /lib/x86_64-linux-gnu/libz.so.1.2.8
7f22319f1000-7f22319f2000 rw-p 00019000 08:05 7869103                    /lib/x86_64-linux-gnu/libz.so.1.2.8
7f22319f2000-7f2231bb1000 r-xp 00000000 08:05 7870913                    /lib/x86_64-linux-gnu/libc-2.23.so
7f2231bb1000-7f2231db1000 ---p 001bf000 08:05 7870913                    /lib/x86_64-linux-gnu/libc-2.23.so
7f2231db1000-7f2231db5000 r--p 001bf000 08:05 7870913                    /lib/x86_64-linux-gnu/libc-2.23.so
7f2231db5000-7f2231db7000 rw-p 001c3000 08:05 7870913                    /lib/x86_64-linux-gnu/libc-2.23.so
7f2231db7000-7f2231dbb000 rw-p 00000000 00:00 0 
7f2231dbb000-7f2231dc8000 r-xp 00000000 08:05 4331605                    /usr/lib/jvm/java-8-openjdk-amd64/jre/lib/amd64/jli/libjli.so
7f2231dc8000-7f2231fc8000 ---p 0000d000 08:05 4331605                    /usr/lib/jvm/java-8-openjdk-amd64/jre/lib/amd64/jli/libjli.so
7f2231fc8000-7f2231fc9000 r--p 0000d000 08:05 4331605                    /usr/lib/jvm/java-8-openjdk-amd64/jre/lib/amd64/jli/libjli.so
7f2231fc9000-7f2231fca000 rw-p 0000e000 08:05 4331605                    /usr/lib/jvm/java-8-openjdk-amd64/jre/lib/amd64/jli/libjli.so
7f2231fca000-7f2231ff0000 r-xp 00000000 08:05 7870902                    /lib/x86_64-linux-gnu/ld-2.23.so
7f2231ff0000-7f2231ff1000 r--s 00000000 08:05 12193921                   /var/cache/fontconfig/f6e6e0a5c3d2f6ae0c0c2e0ecd42a997-le64.cache-6
7f2231ff1000-7f2231ff2000 r--s 00000000 08:05 12193920                   /var/cache/fontconfig/4b2eda6bb976bda485cb2176619421d5-le64.cache-6
7f2231ff2000-7f2231ff7000 r--s 0003b000 08:05 4331635                    /usr/lib/jvm/java-8-openjdk-amd64/jre/lib/ext/sunjce_provider.jar
7f2231ff7000-7f22320c6000 rw-p 00000000 00:00 0 
7f22320c6000-7f22320c9000 ---p 00000000 00:00 0 
7f22320c9000-7f22321cc000 rw-p 00000000 00:00 0 
7f22321cc000-7f22321ce000 r--s 00001000 08:05 4331642                    /usr/lib/jvm/java-8-openjdk-amd64/jre/lib/ext/dnsns.jar
7f22321ce000-7f22321d0000 r--s 00008000 08:05 4331638                    /usr/lib/jvm/java-8-openjdk-amd64/jre/lib/ext/sunec.jar
7f22321d0000-7f22321d1000 r--s 00010000 08:05 4331640                    /usr/lib/jvm/java-8-openjdk-amd64/jre/lib/ext/zipfs.jar
7f22321d1000-7f22321d5000 r--s 00037000 08:05 4331636                    /usr/lib/jvm/java-8-openjdk-amd64/jre/lib/ext/sunpkcs11.jar
7f22321d5000-7f22321df000 r--s 00116000 08:05 4331639                    /usr/lib/jvm/java-8-openjdk-amd64/jre/lib/ext/localedata.jar
7f22321df000-7f22321e2000 r--s 0000f000 08:05 4331641                    /usr/lib/jvm/java-8-openjdk-amd64/jre/lib/ext/icedtea-sound.jar
7f22321e2000-7f22321e3000 r--s 0000a000 08:05 4331637                    /usr/lib/jvm/java-8-openjdk-amd64/jre/lib/ext/jaccess.jar
7f22321e3000-7f22321eb000 rw-s 00000000 08:05 4070254                    /tmp/hsperfdata_vinspi/4215
7f22321eb000-7f22321ec000 rw-p 00000000 00:00 0 
7f22321ec000-7f22321ed000 r--p 00000000 00:00 0 
7f22321ed000-7f22321ef000 rw-p 00000000 00:00 0 
7f22321ef000-7f22321f0000 r--p 00025000 08:05 7870902                    /lib/x86_64-linux-gnu/ld-2.23.so
7f22321f0000-7f22321f1000 rw-p 00026000 08:05 7870902                    /lib/x86_64-linux-gnu/ld-2.23.so
7f22321f1000-7f22321f2000 rw-p 00000000 00:00 0 
7ffeae4fc000-7ffeae51d000 rw-p 00000000 00:00 0                          [stack]
7ffeae575000-7ffeae577000 r--p 00000000 00:00 0                          [vvar]
7ffeae577000-7ffeae579000 r-xp 00000000 00:00 0                          [vdso]
ffffffffff600000-ffffffffff601000 r-xp 00000000 00:00 0                  [vsyscall]

VM Arguments:
java_command: mars/Mars4_5.jar
java_class_path (initial): mars/Mars4_5.jar
Launcher Type: SUN_STANDARD

Environment Variables:
PATH=/usr/local/sbin:/usr/local/bin:/usr/sbin:/usr/bin:/sbin:/bin:/usr/games:/usr/local/games:/opt/android-studio/bin/studio.sh:/home/vinspi/Android/Sdk/tools:/home/vinspi/Android/Sdk/platform-tools
USERNAME=vinspi
SHELL=/bin/bash
DISPLAY=:0

Signal Handlers:
SIGSEGV: [libjvm.so+0xa65880], sa_mask[0]=11111111011111111101111111111110, sa_flags=SA_RESTART|SA_SIGINFO
SIGBUS: [libjvm.so+0xa65880], sa_mask[0]=11111111011111111101111111111110, sa_flags=SA_RESTART|SA_SIGINFO
SIGFPE: [libjvm.so+0x8af1c0], sa_mask[0]=11111111011111111101111111111110, sa_flags=SA_RESTART|SA_SIGINFO
SIGPIPE: [libjvm.so+0x8af1c0], sa_mask[0]=11111111011111111101111111111110, sa_flags=SA_RESTART|SA_SIGINFO
SIGXFSZ: [libjvm.so+0x8af1c0], sa_mask[0]=11111111011111111101111111111110, sa_flags=SA_RESTART|SA_SIGINFO
SIGILL: [libjvm.so+0x8af1c0], sa_mask[0]=11111111011111111101111111111110, sa_flags=SA_RESTART|SA_SIGINFO
SIGUSR1: SIG_DFL, sa_mask[0]=00000000000000000000000000000000, sa_flags=none
SIGUSR2: [libjvm.so+0x8af070], sa_mask[0]=00000000000000000000000000000000, sa_flags=SA_RESTART|SA_SIGINFO
SIGHUP: [libjvm.so+0x8af540], sa_mask[0]=11111111011111111101111111111110, sa_flags=SA_RESTART|SA_SIGINFO
SIGINT: [libjvm.so+0x8af540], sa_mask[0]=11111111011111111101111111111110, sa_flags=SA_RESTART|SA_SIGINFO
SIGTERM: [libjvm.so+0x8af540], sa_mask[0]=11111111011111111101111111111110, sa_flags=SA_RESTART|SA_SIGINFO
SIGQUIT: [libjvm.so+0x8af540], sa_mask[0]=11111111011111111101111111111110, sa_flags=SA_RESTART|SA_SIGINFO


---------------  S Y S T E M  ---------------

OS:DISTRIB_ID=LinuxMint
DISTRIB_RELEASE=18
DISTRIB_CODENAME=sarah
DISTRIB_DESCRIPTION="Linux Mint 18 Sarah"

uname:Linux 4.4.0-21-generic #37-Ubuntu SMP Mon Apr 18 18:33:37 UTC 2016 x86_64
libc:glibc 2.23 NPTL 2.23 
rlimit: STACK 8192k, CORE 0k, NPROC 31168, NOFILE 65536, AS infinity
load average:0,40 0,58 0,58

/proc/meminfo:
MemTotal:        8061492 kB
MemFree:         4275468 kB
MemAvailable:    5796204 kB
Buffers:          113728 kB
Cached:          1722552 kB
SwapCached:            0 kB
Active:          2104560 kB
Inactive:        1455892 kB
Active(anon):    1727568 kB
Inactive(anon):   349664 kB
Active(file):     376992 kB
Inactive(file):  1106228 kB
Unevictable:           0 kB
Mlocked:               0 kB
SwapTotal:       8273916 kB
SwapFree:        8273916 kB
Dirty:               352 kB
Writeback:             0 kB
AnonPages:       1724352 kB
Mapped:           477536 kB
Shmem:            353064 kB
Slab:             119844 kB
SReclaimable:      79768 kB
SUnreclaim:        40076 kB
KernelStack:        9520 kB
PageTables:        28148 kB
NFS_Unstable:          0 kB
Bounce:                0 kB
WritebackTmp:          0 kB
CommitLimit:    12304660 kB
Committed_AS:    5211672 kB
VmallocTotal:   34359738367 kB
VmallocUsed:           0 kB
VmallocChunk:          0 kB
HardwareCorrupted:     0 kB
AnonHugePages:    503808 kB
CmaTotal:              0 kB
CmaFree:               0 kB
HugePages_Total:       0
HugePages_Free:        0
HugePages_Rsvd:        0
HugePages_Surp:        0
Hugepagesize:       2048 kB
DirectMap4k:      132508 kB
DirectMap2M:     3948544 kB
DirectMap1G:     4194304 kB


CPU:total 8 (4 cores per cpu, 2 threads per core) family 6 model 60 stepping 3, cmov, cx8, fxsr, mmx, sse, sse2, sse3, ssse3, sse4.1, sse4.2, popcnt, avx, avx2, aes, clmul, erms, lzcnt, ht, tsc, tscinvbit, bmi1, bmi2

/proc/cpuinfo:
processor	: 0
vendor_id	: GenuineIntel
cpu family	: 6
model		: 60
model name	: Intel(R) Core(TM) i7-4720HQ CPU @ 2.60GHz
stepping	: 3
microcode	: 0x1c
cpu MHz		: 2324.156
cache size	: 6144 KB
physical id	: 0
siblings	: 8
core id		: 0
cpu cores	: 4
apicid		: 0
initial apicid	: 0
fpu		: yes
fpu_exception	: yes
cpuid level	: 13
wp		: yes
flags		: fpu vme de pse tsc msr pae mce cx8 apic sep mtrr pge mca cmov pat pse36 clflush dts acpi mmx fxsr sse sse2 ss ht tm pbe syscall nx pdpe1gb rdtscp lm constant_tsc arch_perfmon pebs bts rep_good nopl xtopology nonstop_tsc aperfmperf eagerfpu pni pclmulqdq dtes64 monitor ds_cpl vmx est tm2 ssse3 sdbg fma cx16 xtpr pdcm pcid sse4_1 sse4_2 x2apic movbe popcnt tsc_deadline_timer aes xsave avx f16c rdrand lahf_lm abm epb tpr_shadow vnmi flexpriority ept vpid fsgsbase tsc_adjust bmi1 avx2 smep bmi2 erms invpcid xsaveopt dtherm ida arat pln pts
bugs		:
bogomips	: 5188.01
clflush size	: 64
cache_alignment	: 64
address sizes	: 39 bits physical, 48 bits virtual
power management:

processor	: 1
vendor_id	: GenuineIntel
cpu family	: 6
model		: 60
model name	: Intel(R) Core(TM) i7-4720HQ CPU @ 2.60GHz
stepping	: 3
microcode	: 0x1c
cpu MHz		: 2964.101
cache size	: 6144 KB
physical id	: 0
siblings	: 8
core id		: 1
cpu cores	: 4
apicid		: 2
initial apicid	: 2
fpu		: yes
fpu_exception	: yes
cpuid level	: 13
wp		: yes
flags		: fpu vme de pse tsc msr pae mce cx8 apic sep mtrr pge mca cmov pat pse36 clflush dts acpi mmx fxsr sse sse2 ss ht tm pbe syscall nx pdpe1gb rdtscp lm constant_tsc arch_perfmon pebs bts rep_good nopl xtopology nonstop_tsc aperfmperf eagerfpu pni pclmulqdq dtes64 monitor ds_cpl vmx est tm2 ssse3 sdbg fma cx16 xtpr pdcm pcid sse4_1 sse4_2 x2apic movbe popcnt tsc_deadline_timer aes xsave avx f16c rdrand lahf_lm abm epb tpr_shadow vnmi flexpriority ept vpid fsgsbase tsc_adjust bmi1 avx2 smep bmi2 erms invpcid xsaveopt dtherm ida arat pln pts
bugs		:
bogomips	: 5188.01
clflush size	: 64
cache_alignment	: 64
address sizes	: 39 bits physical, 48 bits virtual
power management:

processor	: 2
vendor_id	: GenuineIntel
cpu family	: 6
model		: 60
model name	: Intel(R) Core(TM) i7-4720HQ CPU @ 2.60GHz
stepping	: 3
microcode	: 0x1c
cpu MHz		: 2600.000
cache size	: 6144 KB
physical id	: 0
siblings	: 8
core id		: 2
cpu cores	: 4
apicid		: 4
initial apicid	: 4
fpu		: yes
fpu_exception	: yes
cpuid level	: 13
wp		: yes
flags		: fpu vme de pse tsc msr pae mce cx8 apic sep mtrr pge mca cmov pat pse36 clflush dts acpi mmx fxsr sse sse2 ss ht tm pbe syscall nx pdpe1gb rdtscp lm constant_tsc arch_perfmon pebs bts rep_good nopl xtopology nonstop_tsc aperfmperf eagerfpu pni pclmulqdq dtes64 monitor ds_cpl vmx est tm2 ssse3 sdbg fma cx16 xtpr pdcm pcid sse4_1 sse4_2 x2apic movbe popcnt tsc_deadline_timer aes xsave avx f16c rdrand lahf_lm abm epb tpr_shadow vnmi flexpriority ept vpid fsgsbase tsc_adjust bmi1 avx2 smep bmi2 erms invpcid xsaveopt dtherm ida arat pln pts
bugs		:
bogomips	: 5188.01
clflush size	: 64
cache_alignment	: 64
address sizes	: 39 bits physical, 48 bits virtual
power management:

processor	: 3
vendor_id	: GenuineIntel
cpu family	: 6
model		: 60
model name	: Intel(R) Core(TM) i7-4720HQ CPU @ 2.60GHz
stepping	: 3
microcode	: 0x1c
cpu MHz		: 2603.250
cache size	: 6144 KB
physical id	: 0
siblings	: 8
core id		: 3
cpu cores	: 4
apicid		: 6
initial apicid	: 6
fpu		: yes
fpu_exception	: yes
cpuid level	: 13
wp		: yes
flags		: fpu vme de pse tsc msr pae mce cx8 apic sep mtrr pge mca cmov pat pse36 clflush dts acpi mmx fxsr sse sse2 ss ht tm pbe syscall nx pdpe1gb rdtscp lm constant_tsc arch_perfmon pebs bts rep_good nopl xtopology nonstop_tsc aperfmperf eagerfpu pni pclmulqdq dtes64 monitor ds_cpl vmx est tm2 ssse3 sdbg fma cx16 xtpr pdcm pcid sse4_1 sse4_2 x2apic movbe popcnt tsc_deadline_timer aes xsave avx f16c rdrand lahf_lm abm epb tpr_shadow vnmi flexpriority ept vpid fsgsbase tsc_adjust bmi1 avx2 smep bmi2 erms invpcid xsaveopt dtherm ida arat pln pts
bugs		:
bogomips	: 5188.01
clflush size	: 64
cache_alignment	: 64
address sizes	: 39 bits physical, 48 bits virtual
power management:

processor	: 4
vendor_id	: GenuineIntel
cpu family	: 6
model		: 60
model name	: Intel(R) Core(TM) i7-4720HQ CPU @ 2.60GHz
stepping	: 3
microcode	: 0x1c
cpu MHz		: 2600.101
cache size	: 6144 KB
physical id	: 0
siblings	: 8
core id		: 0
cpu cores	: 4
apicid		: 1
initial apicid	: 1
fpu		: yes
fpu_exception	: yes
cpuid level	: 13
wp		: yes
flags		: fpu vme de pse tsc msr pae mce cx8 apic sep mtrr pge mca cmov pat pse36 clflush dts acpi mmx fxsr sse sse2 ss ht tm pbe syscall nx pdpe1gb rdtscp lm constant_tsc arch_perfmon pebs bts rep_good nopl xtopology nonstop_tsc aperfmperf eagerfpu pni pclmulqdq dtes64 monitor ds_cpl vmx est tm2 ssse3 sdbg fma cx16 xtpr pdcm pcid sse4_1 sse4_2 x2apic movbe popcnt tsc_deadline_timer aes xsave avx f16c rdrand lahf_lm abm epb tpr_shadow vnmi flexpriority ept vpid fsgsbase tsc_adjust bmi1 avx2 smep bmi2 erms invpcid xsaveopt dtherm ida arat pln pts
bugs		:
bogomips	: 5188.01
clflush size	: 64
cache_alignment	: 64
address sizes	: 39 bits physical, 48 bits virtual
power management:

processor	: 5
vendor_id	: GenuineIntel
cpu family	: 6
model		: 60
model name	: Intel(R) Core(TM) i7-4720HQ CPU @ 2.60GHz
stepping	: 3
microcode	: 0x1c
cpu MHz		: 2620.921
cache size	: 6144 KB
physical id	: 0
siblings	: 8
core id		: 1
cpu cores	: 4
apicid		: 3
initial apicid	: 3
fpu		: yes
fpu_exception	: yes
cpuid level	: 13
wp		: yes
flags		: fpu vme de pse tsc msr pae mce cx8 apic sep mtrr pge mca cmov pat pse36 clflush dts acpi mmx fxsr sse sse2 ss ht tm pbe syscall nx pdpe1gb rdtscp lm constant_tsc arch_perfmon pebs bts rep_good nopl xtopology nonstop_tsc aperfmperf eagerfpu pni pclmulqdq dtes64 monitor ds_cpl vmx est tm2 ssse3 sdbg fma cx16 xtpr pdcm pcid sse4_1 sse4_2 x2apic movbe popcnt tsc_deadline_timer aes xsave avx f16c rdrand lahf_lm abm epb tpr_shadow vnmi flexpriority ept vpid fsgsbase tsc_adjust bmi1 avx2 smep bmi2 erms invpcid xsaveopt dtherm ida arat pln pts
bugs		:
bogomips	: 5188.01
clflush size	: 64
cache_alignment	: 64
address sizes	: 39 bits physical, 48 bits virtual
power management:

processor	: 6
vendor_id	: GenuineIntel
cpu family	: 6
model		: 60
model name	: Intel(R) Core(TM) i7-4720HQ CPU @ 2.60GHz
stepping	: 3
microcode	: 0x1c
cpu MHz		: 2909.968
cache size	: 6144 KB
physical id	: 0
siblings	: 8
core id		: 2
cpu cores	: 4
apicid		: 5
initial apicid	: 5
fpu		: yes
fpu_exception	: yes
cpuid level	: 13
wp		: yes
flags		: fpu vme de pse tsc msr pae mce cx8 apic sep mtrr pge mca cmov pat pse36 clflush dts acpi mmx fxsr sse sse2 ss ht tm pbe syscall nx pdpe1gb rdtscp lm constant_tsc arch_perfmon pebs bts rep_good nopl xtopology nonstop_tsc aperfmperf eagerfpu pni pclmulqdq dtes64 monitor ds_cpl vmx est tm2 ssse3 sdbg fma cx16 xtpr pdcm pcid sse4_1 sse4_2 x2apic movbe popcnt tsc_deadline_timer aes xsave avx f16c rdrand lahf_lm abm epb tpr_shadow vnmi flexpriority ept vpid fsgsbase tsc_adjust bmi1 avx2 smep bmi2 erms invpcid xsaveopt dtherm ida arat pln pts
bugs		:
bogomips	: 5188.01
clflush size	: 64
cache_alignment	: 64
address sizes	: 39 bits physical, 48 bits virtual
power management:

processor	: 7
vendor_id	: GenuineIntel
cpu family	: 6
model		: 60
model name	: Intel(R) Core(TM) i7-4720HQ CPU @ 2.60GHz
stepping	: 3
microcode	: 0x1c
cpu MHz		: 2600.203
cache size	: 6144 KB
physical id	: 0
siblings	: 8
core id		: 3
cpu cores	: 4
apicid		: 7
initial apicid	: 7
fpu		: yes
fpu_exception	: yes
cpuid level	: 13
wp		: yes
flags		: fpu vme de pse tsc msr pae mce cx8 apic sep mtrr pge mca cmov pat pse36 clflush dts acpi mmx fxsr sse sse2 ss ht tm pbe syscall nx pdpe1gb rdtscp lm constant_tsc arch_perfmon pebs bts rep_good nopl xtopology nonstop_tsc aperfmperf eagerfpu pni pclmulqdq dtes64 monitor ds_cpl vmx est tm2 ssse3 sdbg fma cx16 xtpr pdcm pcid sse4_1 sse4_2 x2apic movbe popcnt tsc_deadline_timer aes xsave avx f16c rdrand lahf_lm abm epb tpr_shadow vnmi flexpriority ept vpid fsgsbase tsc_adjust bmi1 avx2 smep bmi2 erms invpcid xsaveopt dtherm ida arat pln pts
bugs		:
bogomips	: 5188.01
clflush size	: 64
cache_alignment	: 64
address sizes	: 39 bits physical, 48 bits virtual
power management:



Memory: 4k page, physical 8061492k(4275468k free), swap 8273916k(8273916k free)

vm_info: OpenJDK 64-Bit Server VM (25.111-b14) for linux-amd64 JRE (1.8.0_111-8u111-b14-2ubuntu0.16.04.2-b14), built on Oct 27 2016 18:10:19 by "buildd" with gcc 5.4.0 20160609

time: Fri Apr  7 22:41:24 2017
elapsed time: 3220 seconds (0d 0h 53m 40s)

